#
# There is insufficient memory for the Java Runtime Environment to continue.
# Native memory allocation (malloc) failed to allocate 32744 bytes for ChunkPool::allocate
# Possible reasons:
#   The system is out of physical RAM or swap space
#   In 32 bit mode, the process size limit was hit
# Possible solutions:
#   Reduce memory load on the system
#   Increase physical memory or swap space
#   Check if swap backing store is full
#   Use 64 bit Java on a 64 bit OS
#   Decrease Java heap size (-Xmx/-Xms)
#   Decrease number of Java threads
#   Decrease Java thread stack sizes (-Xss)
#   Set larger code cache with -XX:ReservedCodeCacheSize=
# This output file may be truncated or incomplete.
#
#  Out of Memory Error (allocation.cpp:273), pid=28772, tid=0x0000000000002734
#
# JRE version: Java(TM) SE Runtime Environment (8.0_181-b13) (build 1.8.0_181-b13)
# Java VM: Java HotSpot(TM) 64-Bit Server VM (25.181-b13 mixed mode windows-amd64 compressed oops)
# Failed to write core dump. Minidumps are not enabled by default on client versions of Windows
#

---------------  T H R E A D  ---------------

Current thread (0x0000000016e31800):  JavaThread "C2 CompilerThread1" daemon [_thread_in_native, id=10036, stack(0x00000000170a0000,0x00000000171a0000)]

Stack: [0x00000000170a0000,0x00000000171a0000]
[error occurred during error reporting (printing stack bounds), id 0xc0000005]

Native frames: (J=compiled Java code, j=interpreted, Vv=VM code, C=native code)


Current CompileTask:
C2:   6926 1558       4       java.net.URLStreamHandler::parseURL (1193 bytes)


---------------  P R O C E S S  ---------------

Java Threads: ( => current thread )
  0x0000000017fd3000 JavaThread "Keep-Alive-Timer" daemon [_thread_blocked, id=18440, stack(0x00000000199b0000,0x0000000019ab0000)]
  0x0000000017fb8000 JavaThread "Exec Stream Pumper" daemon [_thread_in_native, id=26896, stack(0x00000000197b0000,0x00000000198b0000)]
  0x0000000017f13800 JavaThread "Exec Stream Pumper" daemon [_thread_in_native, id=27800, stack(0x00000000196b0000,0x00000000197b0000)]
  0x0000000017f12800 JavaThread "UrlChecker-2" daemon [_thread_blocked, id=19088, stack(0x00000000195b0000,0x00000000196b0000)]
  0x0000000017f26800 JavaThread "Exec Default Executor" daemon [_thread_in_native, id=23076, stack(0x00000000194b0000,0x00000000195b0000)]
  0x0000000016e41800 JavaThread "Service Thread" daemon [_thread_blocked, id=7936, stack(0x00000000172a0000,0x00000000173a0000)]
  0x0000000016e3a800 JavaThread "C1 CompilerThread2" daemon [_thread_blocked, id=12196, stack(0x00000000171a0000,0x00000000172a0000)]
=>0x0000000016e31800 JavaThread "C2 CompilerThread1" daemon [_thread_in_native, id=10036, stack(0x00000000170a0000,0x00000000171a0000)]
  0x0000000016dd5000 JavaThread "C2 CompilerThread0" daemon [_thread_in_native, id=6600, stack(0x0000000016fa0000,0x00000000170a0000)]
  0x0000000016dc7800 JavaThread "Monitor Ctrl-Break" daemon [_thread_in_native, id=25948, stack(0x0000000016ea0000,0x0000000016fa0000)]
  0x0000000015444800 JavaThread "Attach Listener" daemon [_thread_blocked, id=5288, stack(0x00000000169a0000,0x0000000016aa0000)]
  0x0000000015443800 JavaThread "Signal Dispatcher" daemon [_thread_blocked, id=25412, stack(0x00000000168a0000,0x00000000169a0000)]
  0x000000001542f000 JavaThread "Finalizer" daemon [_thread_blocked, id=25000, stack(0x00000000166a0000,0x00000000167a0000)]
  0x0000000002e17000 JavaThread "Reference Handler" daemon [_thread_blocked, id=9848, stack(0x00000000165a0000,0x00000000166a0000)]
  0x0000000002d27000 JavaThread "Forwarding newSession on session null to remote" [_thread_in_vm, id=20756, stack(0x00000000029e0000,0x0000000002ae0000)]

Other Threads:
  0x0000000015407800 VMThread [stack: 0x00000000164a0000,0x00000000165a0000] [id=29548]
  0x00000000173eb000 WatcherThread [stack: 0x0000000017ba0000,0x0000000017ca0000] [id=30408]

VM state:not at safepoint (normal execution)

VM Mutex/Monitor currently owned by a thread: None

Heap:
 PSYoungGen      total 18944K, used 15598K [0x00000000eb100000, 0x00000000ed400000, 0x0000000100000000)
  eden space 16384K, 79% used [0x00000000eb100000,0x00000000ebdc39f8,0x00000000ec100000)
  from space 2560K, 98% used [0x00000000ed180000,0x00000000ed3f8030,0x00000000ed400000)
  to   space 2560K, 0% used [0x00000000ec100000,0x00000000ec100000,0x00000000ec380000)
 ParOldGen       total 44032K, used 5652K [0x00000000c1200000, 0x00000000c3d00000, 0x00000000eb100000)
  object space 44032K, 12% used [0x00000000c1200000,0x00000000c1785070,0x00000000c3d00000)
 Metaspace       used 16232K, capacity 16963K, committed 17280K, reserved 1067008K
  class space    used 2117K, capacity 2320K, committed 2432K, reserved 1048576K

Card table byte_map: [0x00000000121e0000,0x00000000123e0000] byte_map_base: 0x0000000011bd7000

Marking Bits: (ParMarkBitMap*) 0x000000006ea12d00
 Begin Bits: [0x0000000012930000, 0x00000000138e8000)
 End Bits:   [0x00000000138e8000, 0x00000000148a0000)

Polling page: 0x00000000011c0000

CodeCache: size=245760Kb used=5539Kb max_used=5547Kb free=240220Kb
 bounds [0x0000000002e20000, 0x0000000003390000, 0x0000000011e20000]
 total_blobs=1945 nmethods=1556 adapters=301
 compilation: enabled

Compilation events (10 events):
Event: 6.877 Thread 0x0000000016e3a800 1552       3       java.util.regex.Pattern$BmpCharProperty::<init> (6 bytes)
Event: 6.877 Thread 0x0000000016e3a800 nmethod 1552 0x0000000003387010 code [0x0000000003387180, 0x0000000003387470]
Event: 6.893 Thread 0x0000000016e31800 1554       4       java.util.AbstractList::<init> (10 bytes)
Event: 6.894 Thread 0x0000000016e31800 nmethod 1554 0x0000000003383a90 code [0x0000000003383bc0, 0x0000000003383c18]
Event: 6.899 Thread 0x0000000016e3a800 1555       3       java.lang.Enum::hashCode (5 bytes)
Event: 6.899 Thread 0x0000000016e3a800 nmethod 1555 0x0000000003383450 code [0x00000000033835c0, 0x0000000003383748]
Event: 6.909 Thread 0x0000000016dd5000 1556       4       sun.misc.URLClassPath::getResource (83 bytes)
Event: 6.911 Thread 0x0000000016e3a800 1557       1       java.util.logging.Logger::getName (5 bytes)
Event: 6.911 Thread 0x0000000016e3a800 nmethod 1557 0x0000000003386610 code [0x0000000003386760, 0x0000000003386870]
Event: 6.912 Thread 0x0000000016e31800 1558       4       java.net.URLStreamHandler::parseURL (1193 bytes)

GC Heap History (8 events):
Event: 1.741 GC heap before
{Heap before GC invocations=1 (full 0):
 PSYoungGen      total 18944K, used 16384K [0x00000000eb100000, 0x00000000ec600000, 0x0000000100000000)
  eden space 16384K, 100% used [0x00000000eb100000,0x00000000ec100000,0x00000000ec100000)
  from space 2560K, 0% used [0x00000000ec380000,0x00000000ec380000,0x00000000ec600000)
  to   space 2560K, 0% used [0x00000000ec100000,0x00000000ec100000,0x00000000ec380000)
 ParOldGen       total 44032K, used 0K [0x00000000c1200000, 0x00000000c3d00000, 0x00000000eb100000)
  object space 44032K, 0% used [0x00000000c1200000,0x00000000c1200000,0x00000000c3d00000)
 Metaspace       used 6401K, capacity 6512K, committed 6784K, reserved 1056768K
  class space    used 741K, capacity 784K, committed 896K, reserved 1048576K
Event: 1.761 GC heap after
Heap after GC invocations=1 (full 0):
 PSYoungGen      total 18944K, used 2549K [0x00000000eb100000, 0x00000000ed600000, 0x0000000100000000)
  eden space 16384K, 0% used [0x00000000eb100000,0x00000000eb100000,0x00000000ec100000)
  from space 2560K, 99% used [0x00000000ec100000,0x00000000ec37d498,0x00000000ec380000)
  to   space 2560K, 0% used [0x00000000ed380000,0x00000000ed380000,0x00000000ed600000)
 ParOldGen       total 44032K, used 488K [0x00000000c1200000, 0x00000000c3d00000, 0x00000000eb100000)
  object space 44032K, 1% used [0x00000000c1200000,0x00000000c127a278,0x00000000c3d00000)
 Metaspace       used 6401K, capacity 6512K, committed 6784K, reserved 1056768K
  class space    used 741K, capacity 784K, committed 896K, reserved 1048576K
}
Event: 2.769 GC heap before
{Heap before GC invocations=2 (full 0):
 PSYoungGen      total 18944K, used 18933K [0x00000000eb100000, 0x00000000ed600000, 0x0000000100000000)
  eden space 16384K, 100% used [0x00000000eb100000,0x00000000ec100000,0x00000000ec100000)
  from space 2560K, 99% used [0x00000000ec100000,0x00000000ec37d498,0x00000000ec380000)
  to   space 2560K, 0% used [0x00000000ed380000,0x00000000ed380000,0x00000000ed600000)
 ParOldGen       total 44032K, used 488K [0x00000000c1200000, 0x00000000c3d00000, 0x00000000eb100000)
  object space 44032K, 1% used [0x00000000c1200000,0x00000000c127a278,0x00000000c3d00000)
 Metaspace       used 8247K, capacity 8372K, committed 8576K, reserved 1056768K
  class space    used 1046K, capacity 1078K, committed 1152K, reserved 1048576K
Event: 2.776 GC heap after
Heap after GC invocations=2 (full 0):
 PSYoungGen      total 18944K, used 2559K [0x00000000eb100000, 0x00000000ed600000, 0x0000000100000000)
  eden space 16384K, 0% used [0x00000000eb100000,0x00000000eb100000,0x00000000ec100000)
  from space 2560K, 99% used [0x00000000ed380000,0x00000000ed5ffcc8,0x00000000ed600000)
  to   space 2560K, 0% used [0x00000000ec100000,0x00000000ec100000,0x00000000ec380000)
 ParOldGen       total 44032K, used 1707K [0x00000000c1200000, 0x00000000c3d00000, 0x00000000eb100000)
  object space 44032K, 3% used [0x00000000c1200000,0x00000000c13aad98,0x00000000c3d00000)
 Metaspace       used 8247K, capacity 8372K, committed 8576K, reserved 1056768K
  class space    used 1046K, capacity 1078K, committed 1152K, reserved 1048576K
}
Event: 3.445 GC heap before
{Heap before GC invocations=3 (full 0):
 PSYoungGen      total 18944K, used 18943K [0x00000000eb100000, 0x00000000ed600000, 0x0000000100000000)
  eden space 16384K, 100% used [0x00000000eb100000,0x00000000ec100000,0x00000000ec100000)
  from space 2560K, 99% used [0x00000000ed380000,0x00000000ed5ffcc8,0x00000000ed600000)
  to   space 2560K, 0% used [0x00000000ec100000,0x00000000ec100000,0x00000000ec380000)
 ParOldGen       total 44032K, used 1707K [0x00000000c1200000, 0x00000000c3d00000, 0x00000000eb100000)
  object space 44032K, 3% used [0x00000000c1200000,0x00000000c13aad98,0x00000000c3d00000)
 Metaspace       used 11818K, capacity 12026K, committed 12416K, reserved 1060864K
  class space    used 1487K, capacity 1546K, committed 1664K, reserved 1048576K
Event: 3.453 GC heap after
Heap after GC invocations=3 (full 0):
 PSYoungGen      total 18944K, used 2545K [0x00000000eb100000, 0x00000000ed400000, 0x0000000100000000)
  eden space 16384K, 0% used [0x00000000eb100000,0x00000000eb100000,0x00000000ec100000)
  from space 2560K, 99% used [0x00000000ec100000,0x00000000ec37c548,0x00000000ec380000)
  to   space 2560K, 0% used [0x00000000ed180000,0x00000000ed180000,0x00000000ed400000)
 ParOldGen       total 44032K, used 3834K [0x00000000c1200000, 0x00000000c3d00000, 0x00000000eb100000)
  object space 44032K, 8% used [0x00000000c1200000,0x00000000c15be968,0x00000000c3d00000)
 Metaspace       used 11818K, capacity 12026K, committed 12416K, reserved 1060864K
  class space    used 1487K, capacity 1546K, committed 1664K, reserved 1048576K
}
Event: 6.500 GC heap before
{Heap before GC invocations=4 (full 0):
 PSYoungGen      total 18944K, used 18929K [0x00000000eb100000, 0x00000000ed400000, 0x0000000100000000)
  eden space 16384K, 100% used [0x00000000eb100000,0x00000000ec100000,0x00000000ec100000)
  from space 2560K, 99% used [0x00000000ec100000,0x00000000ec37c548,0x00000000ec380000)
  to   space 2560K, 0% used [0x00000000ed180000,0x00000000ed180000,0x00000000ed400000)
 ParOldGen       total 44032K, used 3834K [0x00000000c1200000, 0x00000000c3d00000, 0x00000000eb100000)
  object space 44032K, 8% used [0x00000000c1200000,0x00000000c15be968,0x00000000c3d00000)
 Metaspace       used 14273K, capacity 14755K, committed 14848K, reserved 1062912K
  class space    used 1836K, capacity 1980K, committed 2048K, reserved 1048576K
Event: 6.507 GC heap after
Heap after GC invocations=4 (full 0):
 PSYoungGen      total 18944K, used 2528K [0x00000000eb100000, 0x00000000ed400000, 0x0000000100000000)
  eden space 16384K, 0% used [0x00000000eb100000,0x00000000eb100000,0x00000000ec100000)
  from space 2560K, 98% used [0x00000000ed180000,0x00000000ed3f8030,0x00000000ed400000)
  to   space 2560K, 0% used [0x00000000ec100000,0x00000000ec100000,0x00000000ec380000)
 ParOldGen       total 44032K, used 5652K [0x00000000c1200000, 0x00000000c3d00000, 0x00000000eb100000)
  object space 44032K, 12% used [0x00000000c1200000,0x00000000c1785070,0x00000000c3d00000)
 Metaspace       used 14273K, capacity 14755K, committed 14848K, reserved 1062912K
  class space    used 1836K, capacity 1980K, committed 2048K, reserved 1048576K
}

Deoptimization events (10 events):
Event: 4.938 Thread 0x0000000002d27000 Uncommon trap: reason=class_check action=maybe_recompile pc=0x0000000003146e54 method=java.util.jar.JarFile.getJarEntry(Ljava/lang/String;)Ljava/util/jar/JarEntry; @ 2
Event: 5.739 Thread 0x0000000002d27000 Uncommon trap: reason=unstable_if action=reinterpret pc=0x0000000002f95fdc method=java.lang.String.replace(CC)Ljava/lang/String; @ 2
Event: 5.742 Thread 0x0000000002d27000 Uncommon trap: reason=bimorphic action=maybe_recompile pc=0x000000000313d750 method=java.net.URL.<init>(Ljava/net/URL;Ljava/lang/String;Ljava/net/URLStreamHandler;)V @ 504
Event: 5.745 Thread 0x0000000002d27000 Uncommon trap: reason=unstable_if action=reinterpret pc=0x000000000327f220 method=java.util.Arrays.equals([B[B)Z @ 2
Event: 5.777 Thread 0x0000000017f12800 Uncommon trap: reason=unstable_if action=reinterpret pc=0x00000000031b321c method=java.lang.CharacterDataLatin1.digit(II)I @ 82
Event: 6.289 Thread 0x0000000017f12800 Uncommon trap: reason=unstable_if action=reinterpret pc=0x00000000031a9b94 method=java.lang.CharacterDataLatin1.digit(II)I @ 82
Event: 6.673 Thread 0x0000000002d27000 Uncommon trap: reason=bimorphic action=maybe_recompile pc=0x0000000003245b58 method=java.util.regex.Pattern$Curly.match(Ljava/util/regex/Matcher;ILjava/lang/CharSequence;)Z @ 19
Event: 6.673 Thread 0x0000000002d27000 Uncommon trap: reason=bimorphic action=maybe_recompile pc=0x0000000003245b58 method=java.util.regex.Pattern$Curly.match(Ljava/util/regex/Matcher;ILjava/lang/CharSequence;)Z @ 19
Event: 6.693 Thread 0x0000000002d27000 Uncommon trap: reason=bimorphic action=maybe_recompile pc=0x0000000003245b58 method=java.util.regex.Pattern$Curly.match(Ljava/util/regex/Matcher;ILjava/lang/CharSequence;)Z @ 19
Event: 6.694 Thread 0x0000000002d27000 Uncommon trap: reason=bimorphic action=maybe_recompile pc=0x0000000003245b58 method=java.util.regex.Pattern$Curly.match(Ljava/util/regex/Matcher;ILjava/lang/CharSequence;)Z @ 19

Classes redefined (0 events):
No events

Internal exceptions (10 events):
Event: 1.970 Thread 0x0000000002d27000 Exception <a 'java/lang/ArrayIndexOutOfBoundsException'> (0x00000000eb4c9118) thrown at [C:\re\workspace\8-2-build-windows-amd64-cygwin\jdk8u181\11358\hotspot\src\share\vm\runtime\sharedRuntime.cpp, line 605]
Event: 1.972 Thread 0x0000000002d27000 Exception <a 'java/lang/ArrayIndexOutOfBoundsException'> (0x00000000eb4d15c8) thrown at [C:\re\workspace\8-2-build-windows-amd64-cygwin\jdk8u181\11358\hotspot\src\share\vm\runtime\sharedRuntime.cpp, line 605]
Event: 1.975 Thread 0x0000000002d27000 Exception <a 'java/lang/ArrayIndexOutOfBoundsException'> (0x00000000eb4d9b68) thrown at [C:\re\workspace\8-2-build-windows-amd64-cygwin\jdk8u181\11358\hotspot\src\share\vm\runtime\sharedRuntime.cpp, line 605]
Event: 2.473 Thread 0x0000000002d27000 Implicit null exception at 0x00000000030406db to 0x0000000003040885
Event: 3.169 Thread 0x0000000002d27000 Exception <a 'java/lang/NoSuchFieldError': method resolution failed> (0x00000000eba71880) thrown at [C:\re\workspace\8-2-build-windows-amd64-cygwin\jdk8u181\11358\hotspot\src\share\vm\prims\methodHandles.cpp, line 1167]
Event: 3.174 Thread 0x0000000002d27000 Exception <a 'java/lang/NoSuchFieldError': method resolution failed> (0x00000000eba7f810) thrown at [C:\re\workspace\8-2-build-windows-amd64-cygwin\jdk8u181\11358\hotspot\src\share\vm\prims\methodHandles.cpp, line 1167]
Event: 6.278 Thread 0x0000000017f12800 Exception <a 'java/net/SocketTimeoutException': connect timed out> (0x00000000ebc103d8) thrown at [C:\re\workspace\8-2-build-windows-amd64-cygwin\jdk8u181\11358\hotspot\src\share\vm\prims\jni.cpp, line 735]
Event: 6.356 Thread 0x0000000002d27000 Exception <a 'java/lang/IncompatibleClassChangeError': Found class java.lang.Object, but interface was expected> (0x00000000ebd19f30) thrown at [C:\re\workspace\8-2-build-windows-amd64-cygwin\jdk8u181\11358\hotspot\src\share\vm\interpreter\linkResolver.cp
Event: 6.363 Thread 0x0000000002d27000 Exception <a 'java/lang/NoSuchMethodError': java.lang.Object.lambda$or$2(Ljava/util/function/Predicate;Ljava/lang/Object;)Z> (0x00000000ebd57f20) thrown at [C:\re\workspace\8-2-build-windows-amd64-cygwin\jdk8u181\11358\hotspot\src\share\vm\interpreter\lin
Event: 6.522 Thread 0x0000000002d27000 Exception <a 'java/lang/NoSuchMethodError': java.lang.Object.lambda$chars$0()Ljava/util/Spliterator$OfInt;> (0x00000000eb1753d8) thrown at [C:\re\workspace\8-2-build-windows-amd64-cygwin\jdk8u181\11358\hotspot\src\share\vm\interpreter\linkResolver.cpp, li

Events (10 events):
Event: 6.914 loading class okio/AsyncTimeout$2
Event: 6.914 loading class okio/AsyncTimeout$2 done
Event: 6.915 loading class okio/RealBufferedSource
Event: 6.915 loading class okio/RealBufferedSource done
Event: 6.917 loading class okio/RealBufferedSource$1
Event: 6.917 loading class okio/RealBufferedSource$1 done
Event: 6.919 loading class okio/Okio$1
Event: 6.919 loading class okio/Okio$1 done
Event: 6.921 loading class okio/AsyncTimeout$1
Event: 6.921 loading class okio/AsyncTimeout$1 done


Dynamic libraries:
0x00007ff61c520000 - 0x00007ff61c557000 	C:\Program Files\Java\jdk1.8.0_181\bin\java.exe
0x00007ff82b860000 - 0x00007ff82ba4d000 	C:\WINDOWS\SYSTEM32\ntdll.dll
0x00007ff828c30000 - 0x00007ff828ce3000 	C:\WINDOWS\System32\KERNEL32.DLL
0x00007ff8286f0000 - 0x00007ff828983000 	C:\WINDOWS\System32\KERNELBASE.dll
0x00007ff8295a0000 - 0x00007ff829643000 	C:\WINDOWS\System32\ADVAPI32.dll
0x00007ff82b0e0000 - 0x00007ff82b17e000 	C:\WINDOWS\System32\msvcrt.dll
0x00007ff82b790000 - 0x00007ff82b82e000 	C:\WINDOWS\System32\sechost.dll
0x00007ff82b4b0000 - 0x00007ff82b5d2000 	C:\WINDOWS\System32\RPCRT4.dll
0x00007ff82b310000 - 0x00007ff82b4a7000 	C:\WINDOWS\System32\USER32.dll
0x00007ff828580000 - 0x00007ff8285a0000 	C:\WINDOWS\System32\win32u.dll
0x00007ff82b2e0000 - 0x00007ff82b309000 	C:\WINDOWS\System32\GDI32.dll
0x00007ff8282f0000 - 0x00007ff82848a000 	C:\WINDOWS\System32\gdi32full.dll
0x00007ff828490000 - 0x00007ff828530000 	C:\WINDOWS\System32\msvcp_win.dll
0x00007ff828990000 - 0x00007ff828a8a000 	C:\WINDOWS\System32\ucrtbase.dll
0x00007ff814210000 - 0x00007ff814489000 	C:\WINDOWS\WinSxS\amd64_microsoft.windows.common-controls_6595b64144ccf1df_6.0.17763.504_none_05b33f3e07210e05\COMCTL32.dll
0x00007ff828cf0000 - 0x00007ff82901c000 	C:\WINDOWS\System32\combase.dll
0x00007ff828670000 - 0x00007ff8286ee000 	C:\WINDOWS\System32\bcryptPrimitives.dll
0x00007ff828a90000 - 0x00007ff828abe000 	C:\WINDOWS\System32\IMM32.DLL
0x00007ff826aa0000 - 0x00007ff826adc000 	C:\PROGRA~2\Sophos\SOPHOS~2\SOPHOS~2.DLL
0x00007ff8298f0000 - 0x00007ff8298f8000 	C:\WINDOWS\System32\PSAPI.DLL
0x0000000068000000 - 0x0000000068059000 	C:\WINDOWS\System32\QIPCAP64.dll
0x00007ff829980000 - 0x00007ff82ae70000 	C:\WINDOWS\System32\SHELL32.dll
0x00007ff828530000 - 0x00007ff82857a000 	C:\WINDOWS\System32\cfgmgr32.dll
0x00007ff8297e0000 - 0x00007ff829888000 	C:\WINDOWS\System32\shcore.dll
0x00007ff827ba0000 - 0x00007ff8282ea000 	C:\WINDOWS\System32\windows.storage.dll
0x00007ff827900000 - 0x00007ff827924000 	C:\WINDOWS\System32\profapi.dll
0x00007ff8278a0000 - 0x00007ff8278fd000 	C:\WINDOWS\System32\powrprof.dll
0x00007ff829900000 - 0x00007ff829952000 	C:\WINDOWS\System32\shlwapi.dll
0x00007ff827880000 - 0x00007ff827891000 	C:\WINDOWS\System32\kernel.appcore.dll
0x00007ff828650000 - 0x00007ff828667000 	C:\WINDOWS\System32\cryptsp.dll
0x00007ff826e80000 - 0x00007ff826f46000 	C:\WINDOWS\SYSTEM32\DNSAPI.dll
0x00007ff82afa0000 - 0x00007ff82b00d000 	C:\WINDOWS\System32\WS2_32.dll
0x00007ff829770000 - 0x00007ff829778000 	C:\WINDOWS\System32\NSI.dll
0x00007ff826e40000 - 0x00007ff826e7d000 	C:\WINDOWS\SYSTEM32\IPHLPAPI.DLL
0x000000006ff80000 - 0x0000000070052000 	C:\Program Files\Java\jdk1.8.0_181\jre\bin\msvcr100.dll
0x000000006e1f0000 - 0x000000006ea92000 	C:\Program Files\Java\jdk1.8.0_181\jre\bin\server\jvm.dll
0x00007ff825980000 - 0x00007ff8259a4000 	C:\WINDOWS\SYSTEM32\WINMM.dll
0x00007ff8232b0000 - 0x00007ff8232b9000 	C:\WINDOWS\SYSTEM32\WSOCK32.dll
0x00007ff826a80000 - 0x00007ff826a8a000 	C:\WINDOWS\SYSTEM32\VERSION.dll
0x00007ff825920000 - 0x00007ff82594d000 	C:\WINDOWS\SYSTEM32\winmmbase.dll
0x00000000714c0000 - 0x00000000714cf000 	C:\Program Files\Java\jdk1.8.0_181\jre\bin\verify.dll
0x000000006ff50000 - 0x000000006ff79000 	C:\Program Files\Java\jdk1.8.0_181\jre\bin\java.dll
0x000000006ff20000 - 0x000000006ff43000 	C:\Program Files\Java\jdk1.8.0_181\jre\bin\instrument.dll
0x00000000714a0000 - 0x00000000714b6000 	C:\Program Files\Java\jdk1.8.0_181\jre\bin\zip.dll
0x00007ff824160000 - 0x00007ff82417a000 	C:\Users\andrew.omoirogho\AppData\Roaming\JetBrains\IntelliJ IDEA Community Edition 2018.2.4\bin\breakgen64.dll
0x000000006ff00000 - 0x000000006ff1a000 	C:\Program Files\Java\jdk1.8.0_181\jre\bin\net.dll
0x00007ff8270e0000 - 0x00007ff827147000 	C:\WINDOWS\system32\mswsock.dll
0x00007ff81b230000 - 0x00007ff81b23a000 	C:\Windows\System32\rasadhlp.dll
0x00007ff81d800000 - 0x00007ff81d879000 	C:\WINDOWS\System32\fwpuclnt.dll
0x00007ff827b70000 - 0x00007ff827b96000 	C:\WINDOWS\System32\bcrypt.dll
0x000000006feb0000 - 0x000000006fed4000 	C:\Program Files\Java\jdk1.8.0_181\jre\bin\sunec.dll
0x000000006fea0000 - 0x000000006feab000 	C:\Program Files\Java\jdk1.8.0_181\jre\bin\sunmscapi.dll
0x00007ff827990000 - 0x00007ff827b6b000 	C:\WINDOWS\System32\CRYPT32.dll
0x00007ff827860000 - 0x00007ff827872000 	C:\WINDOWS\System32\MSASN1.dll
0x00007ff81b8d0000 - 0x00007ff81b8e6000 	C:\WINDOWS\SYSTEM32\dhcpcsvc6.DLL
0x00007ff81b820000 - 0x00007ff81b83c000 	C:\WINDOWS\SYSTEM32\dhcpcsvc.DLL
0x000000006fee0000 - 0x000000006fef1000 	C:\Program Files\Java\jdk1.8.0_181\jre\bin\nio.dll
0x00007ff826ca0000 - 0x00007ff826cd3000 	C:\WINDOWS\system32\rsaenh.dll
0x00007ff827760000 - 0x00007ff827788000 	C:\WINDOWS\SYSTEM32\USERENV.dll
0x00007ff8272b0000 - 0x00007ff8272bc000 	C:\WINDOWS\SYSTEM32\CRYPTBASE.dll

VM Arguments:
jvm_args: -Dorg.jetbrains.run.directory=C:\Users\andrew.omoirogho\IdeaProjects\Test%20Automation\src\test\java\features -javaagent:C:\Users\andrew.omoirogho\AppData\Roaming\JetBrains\IntelliJ IDEA Community Edition 2018.2.4\lib\idea_rt.jar=57015:C:\Users\andrew.omoirogho\AppData\Roaming\JetBrains\IntelliJ IDEA Community Edition 2018.2.4\bin -Dfile.encoding=UTF-8 
java_command: cucumber.api.cli.Main --plugin org.jetbrains.plugins.cucumber.java.run.CucumberJvm4SMFormatter --name ^Login with remember me$ --glue steps C:/Users/andrew.omoirogho/IdeaProjects/Test%20Automation/src/test/java/features/sign_in.feature
java_class_path (initial): C:\Program Files\Java\jdk1.8.0_181\jre\lib\charsets.jar;C:\Program Files\Java\jdk1.8.0_181\jre\lib\deploy.jar;C:\Program Files\Java\jdk1.8.0_181\jre\lib\ext\access-bridge-64.jar;C:\Program Files\Java\jdk1.8.0_181\jre\lib\ext\cldrdata.jar;C:\Program Files\Java\jdk1.8.0_181\jre\lib\ext\dnsns.jar;C:\Program Files\Java\jdk1.8.0_181\jre\lib\ext\jaccess.jar;C:\Program Files\Java\jdk1.8.0_181\jre\lib\ext\jfxrt.jar;C:\Program Files\Java\jdk1.8.0_181\jre\lib\ext\localedata.jar;C:\Program Files\Java\jdk1.8.0_181\jre\lib\ext\nashorn.jar;C:\Program Files\Java\jdk1.8.0_181\jre\lib\ext\sunec.jar;C:\Program Files\Java\jdk1.8.0_181\jre\lib\ext\sunjce_provider.jar;C:\Program Files\Java\jdk1.8.0_181\jre\lib\ext\sunmscapi.jar;C:\Program Files\Java\jdk1.8.0_181\jre\lib\ext\sunpkcs11.jar;C:\Program Files\Java\jdk1.8.0_181\jre\lib\ext\zipfs.jar;C:\Program Files\Java\jdk1.8.0_181\jre\lib\javaws.jar;C:\Program Files\Java\jdk1.8.0_181\jre\lib\jce.jar;C:\Program Files\Java\jdk1.8.0_181\jre\lib\jfr.jar;C:\Program Files\Java\jdk1.8.0_181\jre\lib\jfxswt.jar;C:\Program Files\Java\jdk1.8.0_181\jre\lib\jsse.jar;C:\Program Files\Java\jdk1.8.0_181\jre\lib\management-agent.jar;C:\Program Files\Java\jdk1.8.0_181\jre\lib\plugin.jar;C:\Program Files\Java\jdk1.8.0_181\jre\lib\resources.jar;C:\Program Files\Java\jdk1.8.0_181\jre\lib\rt.jar;C:\Users\andrew.omoirogho\IdeaProjects\Test%20Automation\target\test-classes;C:\Users\andrew.omoirogho\IdeaProjects\Test%20Automation\target\classes;C:\Users\andrew.omoirogho\.m2\repository\io\cucumber\cucumber-java\4.2.2\cucumber-java-4.2.2.jar;C:\Users\andrew.omoirogho\.m2\repository\io\cucumber\cucumber-junit\4.2.2\cucumber-junit-4.2.2.jar;C:\Users\andrew.omoirogho\.m2\repository\io\cucumber\cucumber-core\4.2.2\cucumber-core-4.2.2.jar;C:\Users\andrew.omoirogho\.m2\repository\io\cucumber\cucumber-html\0.2.7\cucumber-html-0.2.7.jar;C:\Users\andrew.omoirogho\.m2\repository\io\cucumber\tag-expressions\1.1.1\tag-expressions-1.1.1.jar;C:\Users\
Launcher Type: SUN_STANDARD

Environment Variables:
JAVA_HOME=C:\Program Files\Java\jdk1.8.0_181
PATH=C:\Program Files (x86)\Common Files\Oracle\Java\javapath;C:\ProgramData\Oracle\Java\javapath;C:\WINDOWS\system32;C:\WINDOWS;C:\WINDOWS\System32\Wbem;C:\WINDOWS\System32\WindowsPowerShell\v1.0\;C:\WINDOWS\System32\OpenSSH\;C:\Program Files\Java\jdk1.8.0_181\bin;C:\Automation Environment\apache-maven-3.5.4\bin;C:\Users\andrew.omoirogho\AppData\Local\Microsoft\WindowsApps;C:\Users\andrew.omoirogho\AppData\Local\Programs\Git\cmd;
USERNAME=Andrew.Omoirogho
OS=Windows_NT
PROCESSOR_IDENTIFIER=Intel64 Family 6 Model 78 Stepping 3, GenuineIntel



---------------  S Y S T E M  ---------------

OS: Windows 10.0 , 64 bit Build 17763 (10.0.17763.475)

CPU:total 4 (initial active 4) (2 cores per cpu, 2 threads per core) family 6 model 78 stepping 3, cmov, cx8, fxsr, mmx, sse, sse2, sse3, ssse3, sse4.1, sse4.2, popcnt, avx, avx2, aes, clmul, erms, 3dnowpref, lzcnt, ht, tsc, tscinvbit, bmi1, bmi2, adx

Memory: 4k page, physical 4113976k(164784k free), swap 16696888k(4k free)

vm_info: Java HotSpot(TM) 64-Bit Server VM (25.181-b13) for windows-amd64 JRE (1.8.0_181-b13), built on Jul  7 2018 04:01:33 by "java_re" with MS VC++ 10.0 (VS2010)

time: Mon Jun 03 11:57:43 2019
elapsed time: 6 seconds (0d 0h 0m 6s)

