#
# There is insufficient memory for the Java Runtime Environment to continue.
# Native memory allocation (malloc) failed to allocate 34896 bytes for Chunk::new
# Possible reasons:
#   The system is out of physical RAM or swap space
#   In 32 bit mode, the process size limit was hit
# Possible solutions:
#   Reduce memory load on the system
#   Increase physical memory or swap space
#   Check if swap backing store is full
#   Use 64 bit Java on a 64 bit OS
#   Decrease Java heap size (-Xmx/-Xms)
#   Decrease number of Java threads
#   Decrease Java thread stack sizes (-Xss)
#   Set larger code cache with -XX:ReservedCodeCacheSize=
# This output file may be truncated or incomplete.
#
#  Out of Memory Error (allocation.cpp:390), pid=31644, tid=0x0000000000004540
#
# JRE version: Java(TM) SE Runtime Environment (8.0_181-b13) (build 1.8.0_181-b13)
# Java VM: Java HotSpot(TM) 64-Bit Server VM (25.181-b13 mixed mode windows-amd64 compressed oops)
# Failed to write core dump. Minidumps are not enabled by default on client versions of Windows
#

---------------  T H R E A D  ---------------

Current thread (0x0000000016e88000):  JavaThread "C2 CompilerThread1" daemon [_thread_in_native, id=17728, stack(0x0000000017150000,0x0000000017250000)]

Stack: [0x0000000017150000,0x0000000017250000]
[error occurred during error reporting (printing stack bounds), id 0xc0000005]

Native frames: (J=compiled Java code, j=interpreted, Vv=VM code, C=native code)


Current CompileTask:
C2:   4601  976       4       sun.reflect.annotation.AnnotationInvocationHandler::invoke (277 bytes)


---------------  P R O C E S S  ---------------

Java Threads: ( => current thread )
  0x0000000016f27800 JavaThread "Service Thread" daemon [_thread_blocked, id=30808, stack(0x0000000017350000,0x0000000017450000)]
  0x0000000016e88800 JavaThread "C1 CompilerThread2" daemon [_thread_blocked, id=5408, stack(0x0000000017250000,0x0000000017350000)]
=>0x0000000016e88000 JavaThread "C2 CompilerThread1" daemon [_thread_in_native, id=17728, stack(0x0000000017150000,0x0000000017250000)]
  0x0000000016e86000 JavaThread "C2 CompilerThread0" daemon [_thread_in_native, id=30556, stack(0x0000000017050000,0x0000000017150000)]
  0x0000000016dba000 JavaThread "Monitor Ctrl-Break" daemon [_thread_in_native, id=25648, stack(0x0000000016f50000,0x0000000017050000)]
  0x0000000015504800 JavaThread "Attach Listener" daemon [_thread_blocked, id=20752, stack(0x0000000016a50000,0x0000000016b50000)]
  0x0000000015503000 JavaThread "Signal Dispatcher" daemon [_thread_blocked, id=30632, stack(0x0000000016950000,0x0000000016a50000)]
  0x00000000154ef000 JavaThread "Finalizer" daemon [_thread_blocked, id=27864, stack(0x0000000016750000,0x0000000016850000)]
  0x0000000002ed7000 JavaThread "Reference Handler" daemon [_thread_blocked, id=31100, stack(0x0000000016650000,0x0000000016750000)]
  0x0000000002de7000 JavaThread "main" [_thread_in_vm, id=29060, stack(0x0000000002ad0000,0x0000000002bd0000)]

Other Threads:
  0x00000000154c7800 VMThread [stack: 0x0000000016550000,0x0000000016650000] [id=31668]
  0x0000000016f46800 WatcherThread [stack: 0x0000000017c50000,0x0000000017d50000] [id=30976]

VM state:not at safepoint (normal execution)

VM Mutex/Monitor currently owned by a thread: None

Heap:
 PSYoungGen      total 35328K, used 3176K [0x00000000eb100000, 0x00000000ed600000, 0x0000000100000000)
  eden space 32768K, 1% used [0x00000000eb100000,0x00000000eb1a1b18,0x00000000ed100000)
  from space 2560K, 98% used [0x00000000ed100000,0x00000000ed378568,0x00000000ed380000)
  to   space 2560K, 0% used [0x00000000ed380000,0x00000000ed380000,0x00000000ed600000)
 ParOldGen       total 44032K, used 7370K [0x00000000c1200000, 0x00000000c3d00000, 0x00000000eb100000)
  object space 44032K, 16% used [0x00000000c1200000,0x00000000c1932b50,0x00000000c3d00000)
 Metaspace       used 14727K, capacity 14851K, committed 15104K, reserved 1060864K
  class space    used 2986K, capacity 3037K, committed 3072K, reserved 1048576K

Card table byte_map: [0x00000000122a0000,0x00000000124a0000] byte_map_base: 0x0000000011c97000

Marking Bits: (ParMarkBitMap*) 0x000000006ea12d00
 Begin Bits: [0x00000000129f0000, 0x00000000139a8000)
 End Bits:   [0x00000000139a8000, 0x0000000014960000)

Polling page: 0x0000000002a90000

CodeCache: size=245760Kb used=3895Kb max_used=3896Kb free=241864Kb
 bounds [0x0000000002ee0000, 0x00000000032c0000, 0x0000000011ee0000]
 total_blobs=1323 nmethods=980 adapters=255
 compilation: enabled

Compilation events (10 events):
Event: 4.563 Thread 0x0000000016e88800 nmethod 977 0x00000000032b0450 code [0x00000000032b05a0, 0x00000000032b06d0]
Event: 4.564 Thread 0x0000000016e88800  978       1       java.util.Collections$EmptyMap::get (2 bytes)
Event: 4.564 Thread 0x0000000016e88800 nmethod 978 0x00000000032b0190 code [0x00000000032b02e0, 0x00000000032b03f0]
Event: 4.565 Thread 0x0000000016e88800  979       3       java.lang.reflect.Modifier::isStatic (13 bytes)
Event: 4.565 Thread 0x0000000016e88800 nmethod 979 0x00000000032afe50 code [0x00000000032affa0, 0x00000000032b0130]
Event: 4.582 Thread 0x0000000016e88800  980       1       com.gargoylesoftware.htmlunit.BrowserVersion::getNickname (5 bytes)
Event: 4.582 Thread 0x0000000016e88800 nmethod 980 0x00000000032afb90 code [0x00000000032afce0, 0x00000000032afdf0]
Event: 4.582 Thread 0x0000000016e86000  981   !   4       java.util.zip.ZipFile$ZipFileInputStream::close (110 bytes)
Event: 4.584 Thread 0x0000000016e88800  982       1       java.lang.reflect.Constructor::getAnnotationBytes (5 bytes)
Event: 4.584 Thread 0x0000000016e88800 nmethod 982 0x00000000032af8d0 code [0x00000000032afa20, 0x00000000032afb30]

GC Heap History (10 events):
Event: 2.486 GC heap before
{Heap before GC invocations=1 (full 0):
 PSYoungGen      total 18944K, used 16384K [0x00000000eb100000, 0x00000000ec600000, 0x0000000100000000)
  eden space 16384K, 100% used [0x00000000eb100000,0x00000000ec100000,0x00000000ec100000)
  from space 2560K, 0% used [0x00000000ec380000,0x00000000ec380000,0x00000000ec600000)
  to   space 2560K, 0% used [0x00000000ec100000,0x00000000ec100000,0x00000000ec380000)
 ParOldGen       total 44032K, used 0K [0x00000000c1200000, 0x00000000c3d00000, 0x00000000eb100000)
  object space 44032K, 0% used [0x00000000c1200000,0x00000000c1200000,0x00000000c3d00000)
 Metaspace       used 6347K, capacity 6512K, committed 6784K, reserved 1056768K
  class space    used 731K, capacity 784K, committed 896K, reserved 1048576K
Event: 2.501 GC heap after
Heap after GC invocations=1 (full 0):
 PSYoungGen      total 18944K, used 2533K [0x00000000eb100000, 0x00000000ec600000, 0x0000000100000000)
  eden space 16384K, 0% used [0x00000000eb100000,0x00000000eb100000,0x00000000ec100000)
  from space 2560K, 98% used [0x00000000ec100000,0x00000000ec3794e8,0x00000000ec380000)
  to   space 2560K, 0% used [0x00000000ec380000,0x00000000ec380000,0x00000000ec600000)
 ParOldGen       total 44032K, used 506K [0x00000000c1200000, 0x00000000c3d00000, 0x00000000eb100000)
  object space 44032K, 1% used [0x00000000c1200000,0x00000000c127ebe8,0x00000000c3d00000)
 Metaspace       used 6347K, capacity 6512K, committed 6784K, reserved 1056768K
  class space    used 731K, capacity 784K, committed 896K, reserved 1048576K
}
Event: 3.140 GC heap before
{Heap before GC invocations=2 (full 0):
 PSYoungGen      total 18944K, used 18917K [0x00000000eb100000, 0x00000000ec600000, 0x0000000100000000)
  eden space 16384K, 100% used [0x00000000eb100000,0x00000000ec100000,0x00000000ec100000)
  from space 2560K, 98% used [0x00000000ec100000,0x00000000ec3794e8,0x00000000ec380000)
  to   space 2560K, 0% used [0x00000000ec380000,0x00000000ec380000,0x00000000ec600000)
 ParOldGen       total 44032K, used 506K [0x00000000c1200000, 0x00000000c3d00000, 0x00000000eb100000)
  object space 44032K, 1% used [0x00000000c1200000,0x00000000c127ebe8,0x00000000c3d00000)
 Metaspace       used 8240K, capacity 8372K, committed 8576K, reserved 1056768K
  class space    used 1044K, capacity 1078K, committed 1152K, reserved 1048576K
Event: 3.147 GC heap after
Heap after GC invocations=2 (full 0):
 PSYoungGen      total 18944K, used 2544K [0x00000000eb100000, 0x00000000ec600000, 0x0000000100000000)
  eden space 16384K, 0% used [0x00000000eb100000,0x00000000eb100000,0x00000000ec100000)
  from space 2560K, 99% used [0x00000000ec380000,0x00000000ec5fc220,0x00000000ec600000)
  to   space 2560K, 0% used [0x00000000ec100000,0x00000000ec100000,0x00000000ec380000)
 ParOldGen       total 44032K, used 1739K [0x00000000c1200000, 0x00000000c3d00000, 0x00000000eb100000)
  object space 44032K, 3% used [0x00000000c1200000,0x00000000c13b2e60,0x00000000c3d00000)
 Metaspace       used 8240K, capacity 8372K, committed 8576K, reserved 1056768K
  class space    used 1044K, capacity 1078K, committed 1152K, reserved 1048576K
}
Event: 3.514 GC heap before
{Heap before GC invocations=3 (full 0):
 PSYoungGen      total 18944K, used 18928K [0x00000000eb100000, 0x00000000ec600000, 0x0000000100000000)
  eden space 16384K, 100% used [0x00000000eb100000,0x00000000ec100000,0x00000000ec100000)
  from space 2560K, 99% used [0x00000000ec380000,0x00000000ec5fc220,0x00000000ec600000)
  to   space 2560K, 0% used [0x00000000ec100000,0x00000000ec100000,0x00000000ec380000)
 ParOldGen       total 44032K, used 1739K [0x00000000c1200000, 0x00000000c3d00000, 0x00000000eb100000)
  object space 44032K, 3% used [0x00000000c1200000,0x00000000c13b2e60,0x00000000c3d00000)
 Metaspace       used 10060K, capacity 10170K, committed 10240K, reserved 1058816K
  class space    used 1242K, capacity 1271K, committed 1280K, reserved 1048576K
Event: 3.522 GC heap after
Heap after GC invocations=3 (full 0):
 PSYoungGen      total 18944K, used 2547K [0x00000000eb100000, 0x00000000ed600000, 0x0000000100000000)
  eden space 16384K, 0% used [0x00000000eb100000,0x00000000eb100000,0x00000000ec100000)
  from space 2560K, 99% used [0x00000000ec100000,0x00000000ec37ce40,0x00000000ec380000)
  to   space 2560K, 0% used [0x00000000ed380000,0x00000000ed380000,0x00000000ed600000)
 ParOldGen       total 44032K, used 2984K [0x00000000c1200000, 0x00000000c3d00000, 0x00000000eb100000)
  object space 44032K, 6% used [0x00000000c1200000,0x00000000c14ea0c8,0x00000000c3d00000)
 Metaspace       used 10060K, capacity 10170K, committed 10240K, reserved 1058816K
  class space    used 1242K, capacity 1271K, committed 1280K, reserved 1048576K
}
Event: 3.764 GC heap before
{Heap before GC invocations=4 (full 0):
 PSYoungGen      total 18944K, used 18931K [0x00000000eb100000, 0x00000000ed600000, 0x0000000100000000)
  eden space 16384K, 100% used [0x00000000eb100000,0x00000000ec100000,0x00000000ec100000)
  from space 2560K, 99% used [0x00000000ec100000,0x00000000ec37ce40,0x00000000ec380000)
  to   space 2560K, 0% used [0x00000000ed380000,0x00000000ed380000,0x00000000ed600000)
 ParOldGen       total 44032K, used 2984K [0x00000000c1200000, 0x00000000c3d00000, 0x00000000eb100000)
  object space 44032K, 6% used [0x00000000c1200000,0x00000000c14ea0c8,0x00000000c3d00000)
 Metaspace       used 12153K, capacity 12282K, committed 12416K, reserved 1060864K
  class space    used 1817K, capacity 1847K, committed 1920K, reserved 1048576K
Event: 3.772 GC heap after
Heap after GC invocations=4 (full 0):
 PSYoungGen      total 35328K, used 2547K [0x00000000eb100000, 0x00000000ed600000, 0x0000000100000000)
  eden space 32768K, 0% used [0x00000000eb100000,0x00000000eb100000,0x00000000ed100000)
  from space 2560K, 99% used [0x00000000ed380000,0x00000000ed5fce20,0x00000000ed600000)
  to   space 2560K, 0% used [0x00000000ed100000,0x00000000ed100000,0x00000000ed380000)
 ParOldGen       total 44032K, used 4554K [0x00000000c1200000, 0x00000000c3d00000, 0x00000000eb100000)
  object space 44032K, 10% used [0x00000000c1200000,0x00000000c16729e8,0x00000000c3d00000)
 Metaspace       used 12153K, capacity 12282K, committed 12416K, reserved 1060864K
  class space    used 1817K, capacity 1847K, committed 1920K, reserved 1048576K
}
Event: 4.568 GC heap before
{Heap before GC invocations=5 (full 0):
 PSYoungGen      total 35328K, used 35315K [0x00000000eb100000, 0x00000000ed600000, 0x0000000100000000)
  eden space 32768K, 100% used [0x00000000eb100000,0x00000000ed100000,0x00000000ed100000)
  from space 2560K, 99% used [0x00000000ed380000,0x00000000ed5fce20,0x00000000ed600000)
  to   space 2560K, 0% used [0x00000000ed100000,0x00000000ed100000,0x00000000ed380000)
 ParOldGen       total 44032K, used 4554K [0x00000000c1200000, 0x00000000c3d00000, 0x00000000eb100000)
  object space 44032K, 10% used [0x00000000c1200000,0x00000000c16729e8,0x00000000c3d00000)
 Metaspace       used 14704K, capacity 14819K, committed 15104K, reserved 1060864K
  class space    used 2981K, capacity 3005K, committed 3072K, reserved 1048576K
Event: 4.581 GC heap after
Heap after GC invocations=5 (full 0):
 PSYoungGen      total 35328K, used 2529K [0x00000000eb100000, 0x00000000ed600000, 0x0000000100000000)
  eden space 32768K, 0% used [0x00000000eb100000,0x00000000eb100000,0x00000000ed100000)
  from space 2560K, 98% used [0x00000000ed100000,0x00000000ed378568,0x00000000ed380000)
  to   space 2560K, 0% used [0x00000000ed380000,0x00000000ed380000,0x00000000ed600000)
 ParOldGen       total 44032K, used 7370K [0x00000000c1200000, 0x00000000c3d00000, 0x00000000eb100000)
  object space 44032K, 16% used [0x00000000c1200000,0x00000000c1932b50,0x00000000c3d00000)
 Metaspace       used 14704K, capacity 14819K, committed 15104K, reserved 1060864K
  class space    used 2981K, capacity 3005K, committed 3072K, reserved 1048576K
}

Deoptimization events (10 events):
Event: 2.308 Thread 0x0000000002de7000 Uncommon trap: reason=unstable_if action=reinterpret pc=0x000000000305b0b8 method=java.lang.String.indexOf([CII[CIII)I @ 3
Event: 2.548 Thread 0x0000000002de7000 Uncommon trap: reason=unstable_if action=reinterpret pc=0x00000000030b7ba4 method=java.lang.String.startsWith(Ljava/lang/String;I)Z @ 25
Event: 2.548 Thread 0x0000000002de7000 Uncommon trap: reason=unstable_if action=reinterpret pc=0x000000000303cec8 method=java.lang.String.startsWith(Ljava/lang/String;I)Z @ 25
Event: 2.552 Thread 0x0000000002de7000 Uncommon trap: reason=unstable_if action=reinterpret pc=0x00000000030e18a8 method=java.io.WinNTFileSystem.normalize(Ljava/lang/String;)Ljava/lang/String; @ 128
Event: 2.924 Thread 0x0000000002de7000 Uncommon trap: reason=null_check action=make_not_entrant pc=0x0000000003115fe0 method=java.lang.String.equals(Ljava/lang/Object;)Z @ 8
Event: 3.086 Thread 0x0000000002de7000 Uncommon trap: reason=class_check action=maybe_recompile pc=0x00000000031b4e20 method=java.lang.String.equals(Ljava/lang/Object;)Z @ 8
Event: 3.087 Thread 0x0000000002de7000 Uncommon trap: reason=class_check action=maybe_recompile pc=0x00000000031b4e20 method=java.lang.String.equals(Ljava/lang/Object;)Z @ 8
Event: 3.087 Thread 0x0000000002de7000 Uncommon trap: reason=class_check action=maybe_recompile pc=0x00000000031b4e20 method=java.lang.String.equals(Ljava/lang/Object;)Z @ 8
Event: 3.087 Thread 0x0000000002de7000 Uncommon trap: reason=class_check action=maybe_recompile pc=0x00000000031b4e20 method=java.lang.String.equals(Ljava/lang/Object;)Z @ 8
Event: 3.403 Thread 0x0000000002de7000 Uncommon trap: reason=unstable_if action=reinterpret pc=0x0000000003203290 method=java.net.URL.<init>(Ljava/net/URL;Ljava/lang/String;Ljava/net/URLStreamHandler;)V @ 30

Classes redefined (0 events):
No events

Internal exceptions (10 events):
Event: 2.665 Thread 0x0000000002de7000 Exception <a 'java/lang/ArrayIndexOutOfBoundsException'> (0x00000000eb4b9078) thrown at [C:\re\workspace\8-2-build-windows-amd64-cygwin\jdk8u181\11358\hotspot\src\share\vm\runtime\sharedRuntime.cpp, line 605]
Event: 2.667 Thread 0x0000000002de7000 Exception <a 'java/lang/ArrayIndexOutOfBoundsException'> (0x00000000eb4c8f98) thrown at [C:\re\workspace\8-2-build-windows-amd64-cygwin\jdk8u181\11358\hotspot\src\share\vm\runtime\sharedRuntime.cpp, line 605]
Event: 2.667 Thread 0x0000000002de7000 Exception <a 'java/lang/ArrayIndexOutOfBoundsException'> (0x00000000eb4d0a80) thrown at [C:\re\workspace\8-2-build-windows-amd64-cygwin\jdk8u181\11358\hotspot\src\share\vm\runtime\sharedRuntime.cpp, line 605]
Event: 2.668 Thread 0x0000000002de7000 Exception <a 'java/lang/ArrayIndexOutOfBoundsException'> (0x00000000eb4d8f28) thrown at [C:\re\workspace\8-2-build-windows-amd64-cygwin\jdk8u181\11358\hotspot\src\share\vm\runtime\sharedRuntime.cpp, line 605]
Event: 2.670 Thread 0x0000000002de7000 Exception <a 'java/lang/ArrayIndexOutOfBoundsException'> (0x00000000eb4e1218) thrown at [C:\re\workspace\8-2-build-windows-amd64-cygwin\jdk8u181\11358\hotspot\src\share\vm\runtime\sharedRuntime.cpp, line 605]
Event: 2.671 Thread 0x0000000002de7000 Exception <a 'java/lang/ArrayIndexOutOfBoundsException'> (0x00000000eb4e96f8) thrown at [C:\re\workspace\8-2-build-windows-amd64-cygwin\jdk8u181\11358\hotspot\src\share\vm\runtime\sharedRuntime.cpp, line 605]
Event: 2.672 Thread 0x0000000002de7000 Exception <a 'java/lang/ArrayIndexOutOfBoundsException'> (0x00000000eb4f1ba8) thrown at [C:\re\workspace\8-2-build-windows-amd64-cygwin\jdk8u181\11358\hotspot\src\share\vm\runtime\sharedRuntime.cpp, line 605]
Event: 2.674 Thread 0x0000000002de7000 Exception <a 'java/lang/ArrayIndexOutOfBoundsException'> (0x00000000eb4fa148) thrown at [C:\re\workspace\8-2-build-windows-amd64-cygwin\jdk8u181\11358\hotspot\src\share\vm\runtime\sharedRuntime.cpp, line 605]
Event: 2.924 Thread 0x0000000002de7000 Implicit null exception at 0x0000000003115e22 to 0x0000000003115fd1
Event: 3.258 Thread 0x0000000002de7000 Exception <a 'java/lang/NoClassDefFoundError': org/apache/log4j/Priority> (0x00000000eb54f0f8) thrown at [C:\re\workspace\8-2-build-windows-amd64-cygwin\jdk8u181\11358\hotspot\src\share\vm\classfile\systemDictionary.cpp, line 199]

Events (10 events):
Event: 4.562 loading class com/gargoylesoftware/htmlunit/ScriptResult
Event: 4.562 loading class com/gargoylesoftware/htmlunit/ScriptResult done
Event: 4.565 loading class com/gargoylesoftware/htmlunit/javascript/host/event/EventListenersContainer
Event: 4.565 loading class com/gargoylesoftware/htmlunit/javascript/host/event/EventListenersContainer done
Event: 4.568 Executing VM operation: ParallelGCFailedAllocation
Event: 4.581 Executing VM operation: ParallelGCFailedAllocation done
Event: 4.583 loading class java/nio/charset/UnsupportedCharsetException
Event: 4.583 loading class java/nio/charset/UnsupportedCharsetException done
Event: 4.585 loading class com/gargoylesoftware/htmlunit/WebRequest
Event: 4.585 loading class com/gargoylesoftware/htmlunit/WebRequest done


Dynamic libraries:
0x00007ff778510000 - 0x00007ff778547000 	C:\Program Files\Java\jdk1.8.0_181\bin\java.exe
0x00007ff82b860000 - 0x00007ff82ba4d000 	C:\WINDOWS\SYSTEM32\ntdll.dll
0x00007ff828c30000 - 0x00007ff828ce3000 	C:\WINDOWS\System32\KERNEL32.DLL
0x00007ff8286f0000 - 0x00007ff828983000 	C:\WINDOWS\System32\KERNELBASE.dll
0x00007ff8295a0000 - 0x00007ff829643000 	C:\WINDOWS\System32\ADVAPI32.dll
0x00007ff82b0e0000 - 0x00007ff82b17e000 	C:\WINDOWS\System32\msvcrt.dll
0x00007ff82b790000 - 0x00007ff82b82e000 	C:\WINDOWS\System32\sechost.dll
0x00007ff82b4b0000 - 0x00007ff82b5d2000 	C:\WINDOWS\System32\RPCRT4.dll
0x00007ff82b310000 - 0x00007ff82b4a7000 	C:\WINDOWS\System32\USER32.dll
0x00007ff828580000 - 0x00007ff8285a0000 	C:\WINDOWS\System32\win32u.dll
0x00007ff82b2e0000 - 0x00007ff82b309000 	C:\WINDOWS\System32\GDI32.dll
0x00007ff8282f0000 - 0x00007ff82848a000 	C:\WINDOWS\System32\gdi32full.dll
0x00007ff828490000 - 0x00007ff828530000 	C:\WINDOWS\System32\msvcp_win.dll
0x00007ff828990000 - 0x00007ff828a8a000 	C:\WINDOWS\System32\ucrtbase.dll
0x00007ff814210000 - 0x00007ff814489000 	C:\WINDOWS\WinSxS\amd64_microsoft.windows.common-controls_6595b64144ccf1df_6.0.17763.504_none_05b33f3e07210e05\COMCTL32.dll
0x00007ff828cf0000 - 0x00007ff82901c000 	C:\WINDOWS\System32\combase.dll
0x00007ff828670000 - 0x00007ff8286ee000 	C:\WINDOWS\System32\bcryptPrimitives.dll
0x00007ff828a90000 - 0x00007ff828abe000 	C:\WINDOWS\System32\IMM32.DLL
0x00007ff826aa0000 - 0x00007ff826adc000 	C:\PROGRA~2\Sophos\SOPHOS~2\SOPHOS~2.DLL
0x00007ff8298f0000 - 0x00007ff8298f8000 	C:\WINDOWS\System32\PSAPI.DLL
0x0000000068000000 - 0x0000000068059000 	C:\WINDOWS\System32\QIPCAP64.dll
0x00007ff829980000 - 0x00007ff82ae70000 	C:\WINDOWS\System32\SHELL32.dll
0x00007ff828530000 - 0x00007ff82857a000 	C:\WINDOWS\System32\cfgmgr32.dll
0x00007ff8297e0000 - 0x00007ff829888000 	C:\WINDOWS\System32\shcore.dll
0x00007ff827ba0000 - 0x00007ff8282ea000 	C:\WINDOWS\System32\windows.storage.dll
0x00007ff827900000 - 0x00007ff827924000 	C:\WINDOWS\System32\profapi.dll
0x00007ff8278a0000 - 0x00007ff8278fd000 	C:\WINDOWS\System32\powrprof.dll
0x00007ff829900000 - 0x00007ff829952000 	C:\WINDOWS\System32\shlwapi.dll
0x00007ff827880000 - 0x00007ff827891000 	C:\WINDOWS\System32\kernel.appcore.dll
0x00007ff828650000 - 0x00007ff828667000 	C:\WINDOWS\System32\cryptsp.dll
0x00007ff826e80000 - 0x00007ff826f46000 	C:\WINDOWS\SYSTEM32\DNSAPI.dll
0x00007ff82afa0000 - 0x00007ff82b00d000 	C:\WINDOWS\System32\WS2_32.dll
0x00007ff829770000 - 0x00007ff829778000 	C:\WINDOWS\System32\NSI.dll
0x00007ff826e40000 - 0x00007ff826e7d000 	C:\WINDOWS\SYSTEM32\IPHLPAPI.DLL
0x000000006ff80000 - 0x0000000070052000 	C:\Program Files\Java\jdk1.8.0_181\jre\bin\msvcr100.dll
0x000000006e1f0000 - 0x000000006ea92000 	C:\Program Files\Java\jdk1.8.0_181\jre\bin\server\jvm.dll
0x00007ff8232b0000 - 0x00007ff8232b9000 	C:\WINDOWS\SYSTEM32\WSOCK32.dll
0x00007ff825980000 - 0x00007ff8259a4000 	C:\WINDOWS\SYSTEM32\WINMM.dll
0x00007ff826a80000 - 0x00007ff826a8a000 	C:\WINDOWS\SYSTEM32\VERSION.dll
0x00007ff825920000 - 0x00007ff82594d000 	C:\WINDOWS\SYSTEM32\winmmbase.dll
0x00000000714c0000 - 0x00000000714cf000 	C:\Program Files\Java\jdk1.8.0_181\jre\bin\verify.dll
0x000000006ff50000 - 0x000000006ff79000 	C:\Program Files\Java\jdk1.8.0_181\jre\bin\java.dll
0x000000006ff20000 - 0x000000006ff43000 	C:\Program Files\Java\jdk1.8.0_181\jre\bin\instrument.dll
0x00000000714a0000 - 0x00000000714b6000 	C:\Program Files\Java\jdk1.8.0_181\jre\bin\zip.dll
0x00007ff81f5b0000 - 0x00007ff81f5ca000 	C:\Users\andrew.omoirogho\AppData\Roaming\JetBrains\IntelliJ IDEA Community Edition 2018.2.4\bin\breakgen64.dll
0x000000006ff00000 - 0x000000006ff1a000 	C:\Program Files\Java\jdk1.8.0_181\jre\bin\net.dll
0x00007ff8270e0000 - 0x00007ff827147000 	C:\WINDOWS\system32\mswsock.dll

VM Arguments:
jvm_args: -Dorg.jetbrains.run.directory=C:\Users\andrew.omoirogho\IdeaProjects\Test%20Automation\src\test\java\features -javaagent:C:\Users\andrew.omoirogho\AppData\Roaming\JetBrains\IntelliJ IDEA Community Edition 2018.2.4\lib\idea_rt.jar=57747:C:\Users\andrew.omoirogho\AppData\Roaming\JetBrains\IntelliJ IDEA Community Edition 2018.2.4\bin -Dfile.encoding=UTF-8 
java_command: cucumber.api.cli.Main --plugin org.jetbrains.plugins.cucumber.java.run.CucumberJvm4SMFormatter --name ^Select home owner as relationship status$ --glue steps C:/Users/andrew.omoirogho/IdeaProjects/Test%20Automation/src/test/java/features/view_property.feature
java_class_path (initial): C:\Program Files\Java\jdk1.8.0_181\jre\lib\charsets.jar;C:\Program Files\Java\jdk1.8.0_181\jre\lib\deploy.jar;C:\Program Files\Java\jdk1.8.0_181\jre\lib\ext\access-bridge-64.jar;C:\Program Files\Java\jdk1.8.0_181\jre\lib\ext\cldrdata.jar;C:\Program Files\Java\jdk1.8.0_181\jre\lib\ext\dnsns.jar;C:\Program Files\Java\jdk1.8.0_181\jre\lib\ext\jaccess.jar;C:\Program Files\Java\jdk1.8.0_181\jre\lib\ext\jfxrt.jar;C:\Program Files\Java\jdk1.8.0_181\jre\lib\ext\localedata.jar;C:\Program Files\Java\jdk1.8.0_181\jre\lib\ext\nashorn.jar;C:\Program Files\Java\jdk1.8.0_181\jre\lib\ext\sunec.jar;C:\Program Files\Java\jdk1.8.0_181\jre\lib\ext\sunjce_provider.jar;C:\Program Files\Java\jdk1.8.0_181\jre\lib\ext\sunmscapi.jar;C:\Program Files\Java\jdk1.8.0_181\jre\lib\ext\sunpkcs11.jar;C:\Program Files\Java\jdk1.8.0_181\jre\lib\ext\zipfs.jar;C:\Program Files\Java\jdk1.8.0_181\jre\lib\javaws.jar;C:\Program Files\Java\jdk1.8.0_181\jre\lib\jce.jar;C:\Program Files\Java\jdk1.8.0_181\jre\lib\jfr.jar;C:\Program Files\Java\jdk1.8.0_181\jre\lib\jfxswt.jar;C:\Program Files\Java\jdk1.8.0_181\jre\lib\jsse.jar;C:\Program Files\Java\jdk1.8.0_181\jre\lib\management-agent.jar;C:\Program Files\Java\jdk1.8.0_181\jre\lib\plugin.jar;C:\Program Files\Java\jdk1.8.0_181\jre\lib\resources.jar;C:\Program Files\Java\jdk1.8.0_181\jre\lib\rt.jar;C:\Users\andrew.omoirogho\IdeaProjects\Test%20Automation\target\test-classes;C:\Users\andrew.omoirogho\IdeaProjects\Test%20Automation\target\classes;C:\Users\andrew.omoirogho\.m2\repository\io\cucumber\cucumber-java\4.2.2\cucumber-java-4.2.2.jar;C:\Users\andrew.omoirogho\.m2\repository\io\cucumber\cucumber-junit\4.2.2\cucumber-junit-4.2.2.jar;C:\Users\andrew.omoirogho\.m2\repository\io\cucumber\cucumber-core\4.2.2\cucumber-core-4.2.2.jar;C:\Users\andrew.omoirogho\.m2\repository\io\cucumber\cucumber-html\0.2.7\cucumber-html-0.2.7.jar;C:\Users\andrew.omoirogho\.m2\repository\io\cucumber\tag-expressions\1.1.1\tag-expressions-1.1.1.jar;C:\Users\
Launcher Type: SUN_STANDARD

Environment Variables:
JAVA_HOME=C:\Program Files\Java\jdk1.8.0_181
PATH=C:\Program Files (x86)\Common Files\Oracle\Java\javapath;C:\ProgramData\Oracle\Java\javapath;C:\WINDOWS\system32;C:\WINDOWS;C:\WINDOWS\System32\Wbem;C:\WINDOWS\System32\WindowsPowerShell\v1.0\;C:\WINDOWS\System32\OpenSSH\;C:\Program Files\Java\jdk1.8.0_181\bin;C:\Automation Environment\apache-maven-3.5.4\bin;C:\Users\andrew.omoirogho\AppData\Local\Microsoft\WindowsApps;C:\Users\andrew.omoirogho\AppData\Local\Programs\Git\cmd;
USERNAME=Andrew.Omoirogho
OS=Windows_NT
PROCESSOR_IDENTIFIER=Intel64 Family 6 Model 78 Stepping 3, GenuineIntel



---------------  S Y S T E M  ---------------

OS: Windows 10.0 , 64 bit Build 17763 (10.0.17763.475)

CPU:total 4 (initial active 4) (2 cores per cpu, 2 threads per core) family 6 model 78 stepping 3, cmov, cx8, fxsr, mmx, sse, sse2, sse3, ssse3, sse4.1, sse4.2, popcnt, avx, avx2, aes, clmul, erms, 3dnowpref, lzcnt, ht, tsc, tscinvbit, bmi1, bmi2, adx

Memory: 4k page, physical 4113976k(225136k free), swap 16696888k(3980k free)

vm_info: Java HotSpot(TM) 64-Bit Server VM (25.181-b13) for windows-amd64 JRE (1.8.0_181-b13), built on Jul  7 2018 04:01:33 by "java_re" with MS VC++ 10.0 (VS2010)

time: Mon Jun 03 14:22:32 2019
elapsed time: 4 seconds (0d 0h 0m 4s)

