#
# There is insufficient memory for the Java Runtime Environment to continue.
# Native memory allocation (malloc) failed to allocate 1023216 bytes for Chunk::new
# Possible reasons:
#   The system is out of physical RAM or swap space
#   In 32 bit mode, the process size limit was hit
# Possible solutions:
#   Reduce memory load on the system
#   Increase physical memory or swap space
#   Check if swap backing store is full
#   Use 64 bit Java on a 64 bit OS
#   Decrease Java heap size (-Xmx/-Xms)
#   Decrease number of Java threads
#   Decrease Java thread stack sizes (-Xss)
#   Set larger code cache with -XX:ReservedCodeCacheSize=
# This output file may be truncated or incomplete.
#
#  Out of Memory Error (allocation.cpp:390), pid=12500, tid=0x0000000000006050
#
# JRE version: Java(TM) SE Runtime Environment (8.0_181-b13) (build 1.8.0_181-b13)
# Java VM: Java HotSpot(TM) 64-Bit Server VM (25.181-b13 mixed mode windows-amd64 compressed oops)
# Failed to write core dump. Minidumps are not enabled by default on client versions of Windows
#

---------------  T H R E A D  ---------------

Current thread (0x0000000016eeb000):  JavaThread "C2 CompilerThread1" daemon [_thread_in_native, id=24656, stack(0x00000000171b0000,0x00000000172b0000)]

Stack: [0x00000000171b0000,0x00000000172b0000]
[error occurred during error reporting (printing stack bounds), id 0xc0000005]

Native frames: (J=compiled Java code, j=interpreted, Vv=VM code, C=native code)


Current CompileTask:
C2:  10168 2362   !   4       com.gargoylesoftware.css.parser.javacc.CSS3Parser::term (1811 bytes)


---------------  P R O C E S S  ---------------

Java Threads: ( => current thread )
  0x0000000018b37800 JavaThread "pool-1-thread-1" [_thread_in_Java, id=24172, stack(0x000000001a750000,0x000000001a850000)]
  0x00000000199ed000 JavaThread "JS executor for com.gargoylesoftware.htmlunit.WebClient@75f5fd58" daemon [_thread_blocked, id=18516, stack(0x000000001a650000,0x000000001a750000)]
  0x0000000016f7a800 JavaThread "Service Thread" daemon [_thread_blocked, id=27896, stack(0x00000000173b0000,0x00000000174b0000)]
  0x0000000016eeb800 JavaThread "C1 CompilerThread2" daemon [_thread_blocked, id=30032, stack(0x00000000172b0000,0x00000000173b0000)]
=>0x0000000016eeb000 JavaThread "C2 CompilerThread1" daemon [_thread_in_native, id=24656, stack(0x00000000171b0000,0x00000000172b0000)]
  0x0000000016ee9000 JavaThread "C2 CompilerThread0" daemon [_thread_blocked, id=30376, stack(0x00000000170b0000,0x00000000171b0000)]
  0x0000000016e93000 JavaThread "Monitor Ctrl-Break" daemon [_thread_in_native, id=28176, stack(0x0000000016fb0000,0x00000000170b0000)]
  0x0000000015548800 JavaThread "Attach Listener" daemon [_thread_blocked, id=2092, stack(0x0000000016ab0000,0x0000000016bb0000)]
  0x0000000015545800 JavaThread "Signal Dispatcher" daemon [_thread_blocked, id=23608, stack(0x00000000169b0000,0x0000000016ab0000)]
  0x000000001552f000 JavaThread "Finalizer" daemon [_thread_blocked, id=15516, stack(0x00000000167b0000,0x00000000168b0000)]
  0x0000000002f17000 JavaThread "Reference Handler" daemon [_thread_blocked, id=23756, stack(0x00000000166b0000,0x00000000167b0000)]
  0x0000000002e27000 JavaThread "main" [_thread_blocked, id=1064, stack(0x0000000002c20000,0x0000000002d20000)]

Other Threads:
  0x0000000015507800 VMThread [stack: 0x00000000165b0000,0x00000000166b0000] [id=8088]
  0x00000000174e8800 WatcherThread [stack: 0x0000000017cb0000,0x0000000017db0000] [id=18512]

VM state:not at safepoint (normal execution)

VM Mutex/Monitor currently owned by a thread: None

Heap:
 PSYoungGen      total 71168K, used 58637K [0x00000000eb100000, 0x00000000f4100000, 0x0000000100000000)
  eden space 64000K, 91% used [0x00000000eb100000,0x00000000eea43738,0x00000000eef80000)
  from space 7168K, 0% used [0x00000000eef80000,0x00000000eef80000,0x00000000ef680000)
  to   space 9728K, 0% used [0x00000000f3780000,0x00000000f3780000,0x00000000f4100000)
 ParOldGen       total 39424K, used 12305K [0x00000000c1200000, 0x00000000c3880000, 0x00000000eb100000)
  object space 39424K, 31% used [0x00000000c1200000,0x00000000c1e046d8,0x00000000c3880000)
 Metaspace       used 24591K, capacity 24975K, committed 25344K, reserved 1071104K
  class space    used 4432K, capacity 4527K, committed 4608K, reserved 1048576K

Card table byte_map: [0x00000000122e0000,0x00000000124e0000] byte_map_base: 0x0000000011cd7000

Marking Bits: (ParMarkBitMap*) 0x000000006ea12d00
 Begin Bits: [0x0000000012a30000, 0x00000000139e8000)
 End Bits:   [0x00000000139e8000, 0x00000000149a0000)

Polling page: 0x0000000002ac0000

CodeCache: size=245760Kb used=8849Kb max_used=8862Kb free=236910Kb
 bounds [0x0000000002f20000, 0x00000000037d0000, 0x0000000011f20000]
 total_blobs=2839 nmethods=2398 adapters=352
 compilation: enabled

Compilation events (10 events):
Event: 10.102 Thread 0x0000000016eeb800 2401       3       java.util.Calendar::<init> (59 bytes)
Event: 10.102 Thread 0x0000000016eeb800 nmethod 2401 0x00000000037b7150 code [0x00000000037b72c0, 0x00000000037b76a8]
Event: 10.102 Thread 0x0000000016eeb800 2403       3       java.util.Formatter$FormatSpecifier::print (1536 bytes)
Event: 10.112 Thread 0x0000000016eeb800 nmethod 2403 0x00000000037b77d0 code [0x00000000037b86c0, 0x00000000037c33d8]
Event: 10.112 Thread 0x0000000016eeb800 2402       1       java.text.DecimalFormatSymbols::getZeroDigit (5 bytes)
Event: 10.113 Thread 0x0000000016eeb800 nmethod 2402 0x00000000037a9290 code [0x00000000037a93e0, 0x00000000037a94f0]
Event: 10.153 Thread 0x0000000016eeb800 2404       3       java.lang.String::valueOf (14 bytes)
Event: 10.153 Thread 0x0000000016eeb800 nmethod 2404 0x000000000379ac90 code [0x000000000379ae00, 0x000000000379b048]
Event: 10.153 Thread 0x0000000016ee9000 2405       4       java.util.regex.Matcher::group (112 bytes)
Event: 10.163 Thread 0x0000000016ee9000 nmethod 2405 0x00000000037cdd50 code [0x00000000037cdee0, 0x00000000037ce458]

GC Heap History (10 events):
Event: 3.122 GC heap before
{Heap before GC invocations=4 (full 0):
 PSYoungGen      total 18944K, used 18933K [0x00000000eb100000, 0x00000000ed600000, 0x0000000100000000)
  eden space 16384K, 100% used [0x00000000eb100000,0x00000000ec100000,0x00000000ec100000)
  from space 2560K, 99% used [0x00000000ec100000,0x00000000ec37d740,0x00000000ec380000)
  to   space 2560K, 0% used [0x00000000ed380000,0x00000000ed380000,0x00000000ed600000)
 ParOldGen       total 44032K, used 3115K [0x00000000c1200000, 0x00000000c3d00000, 0x00000000eb100000)
  object space 44032K, 7% used [0x00000000c1200000,0x00000000c150acb8,0x00000000c3d00000)
 Metaspace       used 12185K, capacity 12314K, committed 12416K, reserved 1060864K
  class space    used 1840K, capacity 1879K, committed 1920K, reserved 1048576K
Event: 3.128 GC heap after
Heap after GC invocations=4 (full 0):
 PSYoungGen      total 35328K, used 2546K [0x00000000eb100000, 0x00000000ed600000, 0x0000000100000000)
  eden space 32768K, 0% used [0x00000000eb100000,0x00000000eb100000,0x00000000ed100000)
  from space 2560K, 99% used [0x00000000ed380000,0x00000000ed5fcae8,0x00000000ed600000)
  to   space 2560K, 0% used [0x00000000ed100000,0x00000000ed100000,0x00000000ed380000)
 ParOldGen       total 44032K, used 4629K [0x00000000c1200000, 0x00000000c3d00000, 0x00000000eb100000)
  object space 44032K, 10% used [0x00000000c1200000,0x00000000c1685600,0x00000000c3d00000)
 Metaspace       used 12185K, capacity 12314K, committed 12416K, reserved 1060864K
  class space    used 1840K, capacity 1879K, committed 1920K, reserved 1048576K
}
Event: 3.738 GC heap before
{Heap before GC invocations=5 (full 0):
 PSYoungGen      total 35328K, used 35314K [0x00000000eb100000, 0x00000000ed600000, 0x0000000100000000)
  eden space 32768K, 100% used [0x00000000eb100000,0x00000000ed100000,0x00000000ed100000)
  from space 2560K, 99% used [0x00000000ed380000,0x00000000ed5fcae8,0x00000000ed600000)
  to   space 2560K, 0% used [0x00000000ed100000,0x00000000ed100000,0x00000000ed380000)
 ParOldGen       total 44032K, used 4629K [0x00000000c1200000, 0x00000000c3d00000, 0x00000000eb100000)
  object space 44032K, 10% used [0x00000000c1200000,0x00000000c1685600,0x00000000c3d00000)
 Metaspace       used 14705K, capacity 14851K, committed 15104K, reserved 1060864K
  class space    used 2985K, capacity 3037K, committed 3072K, reserved 1048576K
Event: 3.761 GC heap after
Heap after GC invocations=5 (full 0):
 PSYoungGen      total 35328K, used 2547K [0x00000000eb100000, 0x00000000efc00000, 0x0000000100000000)
  eden space 32768K, 0% used [0x00000000eb100000,0x00000000eb100000,0x00000000ed100000)
  from space 2560K, 99% used [0x00000000ed100000,0x00000000ed37ce40,0x00000000ed380000)
  to   space 5632K, 0% used [0x00000000ef680000,0x00000000ef680000,0x00000000efc00000)
 ParOldGen       total 44032K, used 7414K [0x00000000c1200000, 0x00000000c3d00000, 0x00000000eb100000)
  object space 44032K, 16% used [0x00000000c1200000,0x00000000c193db00,0x00000000c3d00000)
 Metaspace       used 14705K, capacity 14851K, committed 15104K, reserved 1060864K
  class space    used 2985K, capacity 3037K, committed 3072K, reserved 1048576K
}
Event: 5.137 GC heap before
{Heap before GC invocations=6 (full 0):
 PSYoungGen      total 35328K, used 35315K [0x00000000eb100000, 0x00000000efc00000, 0x0000000100000000)
  eden space 32768K, 100% used [0x00000000eb100000,0x00000000ed100000,0x00000000ed100000)
  from space 2560K, 99% used [0x00000000ed100000,0x00000000ed37ce40,0x00000000ed380000)
  to   space 5632K, 0% used [0x00000000ef680000,0x00000000ef680000,0x00000000efc00000)
 ParOldGen       total 44032K, used 7414K [0x00000000c1200000, 0x00000000c3d00000, 0x00000000eb100000)
  object space 44032K, 16% used [0x00000000c1200000,0x00000000c193db00,0x00000000c3d00000)
 Metaspace       used 16872K, capacity 17003K, committed 17280K, reserved 1062912K
  class space    used 3556K, capacity 3625K, committed 3712K, reserved 1048576K
Event: 5.160 GC heap after
Heap after GC invocations=6 (full 0):
 PSYoungGen      total 69632K, used 5603K [0x00000000eb100000, 0x00000000eff00000, 0x0000000100000000)
  eden space 64000K, 0% used [0x00000000eb100000,0x00000000eb100000,0x00000000eef80000)
  from space 5632K, 99% used [0x00000000ef680000,0x00000000efbf8e50,0x00000000efc00000)
  to   space 7168K, 0% used [0x00000000eef80000,0x00000000eef80000,0x00000000ef680000)
 ParOldGen       total 44032K, used 8846K [0x00000000c1200000, 0x00000000c3d00000, 0x00000000eb100000)
  object space 44032K, 20% used [0x00000000c1200000,0x00000000c1aa3ac8,0x00000000c3d00000)
 Metaspace       used 16872K, capacity 17003K, committed 17280K, reserved 1062912K
  class space    used 3556K, capacity 3625K, committed 3712K, reserved 1048576K
}
Event: 6.917 GC heap before
{Heap before GC invocations=7 (full 0):
 PSYoungGen      total 69632K, used 30559K [0x00000000eb100000, 0x00000000eff00000, 0x0000000100000000)
  eden space 64000K, 38% used [0x00000000eb100000,0x00000000ec95edb8,0x00000000eef80000)
  from space 5632K, 99% used [0x00000000ef680000,0x00000000efbf8e50,0x00000000efc00000)
  to   space 7168K, 0% used [0x00000000eef80000,0x00000000eef80000,0x00000000ef680000)
 ParOldGen       total 44032K, used 8846K [0x00000000c1200000, 0x00000000c3d00000, 0x00000000eb100000)
  object space 44032K, 20% used [0x00000000c1200000,0x00000000c1aa3ac8,0x00000000c3d00000)
 Metaspace       used 20895K, capacity 21097K, committed 21296K, reserved 1067008K
  class space    used 4114K, capacity 4194K, committed 4224K, reserved 1048576K
Event: 6.932 GC heap after
Heap after GC invocations=7 (full 0):
 PSYoungGen      total 71168K, used 7153K [0x00000000eb100000, 0x00000000f4100000, 0x0000000100000000)
  eden space 64000K, 0% used [0x00000000eb100000,0x00000000eb100000,0x00000000eef80000)
  from space 7168K, 99% used [0x00000000eef80000,0x00000000ef67c550,0x00000000ef680000)
  to   space 9728K, 0% used [0x00000000f3780000,0x00000000f3780000,0x00000000f4100000)
 ParOldGen       total 44032K, used 11897K [0x00000000c1200000, 0x00000000c3d00000, 0x00000000eb100000)
  object space 44032K, 27% used [0x00000000c1200000,0x00000000c1d9e4b8,0x00000000c3d00000)
 Metaspace       used 20895K, capacity 21097K, committed 21296K, reserved 1067008K
  class space    used 4114K, capacity 4194K, committed 4224K, reserved 1048576K
}
Event: 6.932 GC heap before
{Heap before GC invocations=8 (full 1):
 PSYoungGen      total 71168K, used 7153K [0x00000000eb100000, 0x00000000f4100000, 0x0000000100000000)
  eden space 64000K, 0% used [0x00000000eb100000,0x00000000eb100000,0x00000000eef80000)
  from space 7168K, 99% used [0x00000000eef80000,0x00000000ef67c550,0x00000000ef680000)
  to   space 9728K, 0% used [0x00000000f3780000,0x00000000f3780000,0x00000000f4100000)
 ParOldGen       total 44032K, used 11897K [0x00000000c1200000, 0x00000000c3d00000, 0x00000000eb100000)
  object space 44032K, 27% used [0x00000000c1200000,0x00000000c1d9e4b8,0x00000000c3d00000)
 Metaspace       used 20895K, capacity 21097K, committed 21296K, reserved 1067008K
  class space    used 4114K, capacity 4194K, committed 4224K, reserved 1048576K
Event: 7.014 GC heap after
Heap after GC invocations=8 (full 1):
 PSYoungGen      total 71168K, used 0K [0x00000000eb100000, 0x00000000f4100000, 0x0000000100000000)
  eden space 64000K, 0% used [0x00000000eb100000,0x00000000eb100000,0x00000000eef80000)
  from space 7168K, 0% used [0x00000000eef80000,0x00000000eef80000,0x00000000ef680000)
  to   space 9728K, 0% used [0x00000000f3780000,0x00000000f3780000,0x00000000f4100000)
 ParOldGen       total 39424K, used 12305K [0x00000000c1200000, 0x00000000c3880000, 0x00000000eb100000)
  object space 39424K, 31% used [0x00000000c1200000,0x00000000c1e046d8,0x00000000c3880000)
 Metaspace       used 20895K, capacity 21097K, committed 21296K, reserved 1067008K
  class space    used 4114K, capacity 4194K, committed 4224K, reserved 1048576K
}

Deoptimization events (10 events):
Event: 9.432 Thread 0x0000000018b37800 Uncommon trap: reason=unstable_if action=reinterpret pc=0x00000000036f7b20 method=com.gargoylesoftware.css.dom.CSSValueImpl.<init>(Lcom/gargoylesoftware/css/parser/LexicalUnit;Z)V @ 155
Event: 9.448 Thread 0x0000000018b37800 Uncommon trap: reason=unstable_if action=reinterpret pc=0x00000000036d2998 method=com.gargoylesoftware.css.parser.javacc.CSS3ParserTokenManager.jjFillToken()Lcom/gargoylesoftware/css/parser/javacc/Token; @ 4
Event: 9.482 Thread 0x0000000018b37800 Uncommon trap: reason=unstable_if action=reinterpret pc=0x00000000036d6f64 method=com.gargoylesoftware.css.parser.javacc.CSS3ParserTokenManager.getNextToken()Lcom/gargoylesoftware/css/parser/javacc/Token; @ 237
Event: 9.484 Thread 0x0000000018b37800 Uncommon trap: reason=class_check action=maybe_recompile pc=0x0000000003714ec8 method=sun.misc.FloatingDecimal.parseDouble(Ljava/lang/String;)D @ 4
Event: 9.582 Thread 0x0000000018b37800 Uncommon trap: reason=unstable_if action=reinterpret pc=0x000000000370ee2c method=com.gargoylesoftware.css.parser.javacc.CSS3Parser.declaration()V @ 330
Event: 9.589 Thread 0x0000000018b37800 Uncommon trap: reason=unstable_if action=reinterpret pc=0x00000000036b934c method=com.gargoylesoftware.css.parser.AbstractCSSParser.unescape(Ljava/lang/String;Z)Ljava/lang/String; @ 203
Event: 9.604 Thread 0x0000000018b37800 Uncommon trap: reason=class_check action=maybe_recompile pc=0x0000000003714390 method=sun.misc.FloatingDecimal.parseDouble(Ljava/lang/String;)D @ 4
Event: 9.686 Thread 0x0000000018b37800 Uncommon trap: reason=unstable_if action=reinterpret pc=0x0000000003745c80 method=com.gargoylesoftware.css.parser.AbstractCSSParser.unescape(Ljava/lang/String;Z)Ljava/lang/String; @ 183
Event: 9.816 Thread 0x0000000018b37800 Uncommon trap: reason=class_check action=maybe_recompile pc=0x0000000003714390 method=sun.misc.FloatingDecimal.parseDouble(Ljava/lang/String;)D @ 4
Event: 9.817 Thread 0x0000000018b37800 Uncommon trap: reason=class_check action=maybe_recompile pc=0x0000000003714390 method=sun.misc.FloatingDecimal.parseDouble(Ljava/lang/String;)D @ 4

Classes redefined (0 events):
No events

Internal exceptions (10 events):
Event: 1.891 Thread 0x0000000002e27000 Exception <a 'java/lang/ArrayIndexOutOfBoundsException'> (0x00000000eb4aa928) thrown at [C:\re\workspace\8-2-build-windows-amd64-cygwin\jdk8u181\11358\hotspot\src\share\vm\runtime\sharedRuntime.cpp, line 605]
Event: 1.892 Thread 0x0000000002e27000 Exception <a 'java/lang/ArrayIndexOutOfBoundsException'> (0x00000000eb4b2da0) thrown at [C:\re\workspace\8-2-build-windows-amd64-cygwin\jdk8u181\11358\hotspot\src\share\vm\runtime\sharedRuntime.cpp, line 605]
Event: 1.894 Thread 0x0000000002e27000 Exception <a 'java/lang/ArrayIndexOutOfBoundsException'> (0x00000000eb4bb090) thrown at [C:\re\workspace\8-2-build-windows-amd64-cygwin\jdk8u181\11358\hotspot\src\share\vm\runtime\sharedRuntime.cpp, line 605]
Event: 1.899 Thread 0x0000000002e27000 Exception <a 'java/lang/ArrayIndexOutOfBoundsException'> (0x00000000eb4c3520) thrown at [C:\re\workspace\8-2-build-windows-amd64-cygwin\jdk8u181\11358\hotspot\src\share\vm\runtime\sharedRuntime.cpp, line 605]
Event: 1.900 Thread 0x0000000002e27000 Exception <a 'java/lang/ArrayIndexOutOfBoundsException'> (0x00000000eb4cb9d0) thrown at [C:\re\workspace\8-2-build-windows-amd64-cygwin\jdk8u181\11358\hotspot\src\share\vm\runtime\sharedRuntime.cpp, line 605]
Event: 1.902 Thread 0x0000000002e27000 Exception <a 'java/lang/ArrayIndexOutOfBoundsException'> (0x00000000eb4d3f80) thrown at [C:\re\workspace\8-2-build-windows-amd64-cygwin\jdk8u181\11358\hotspot\src\share\vm\runtime\sharedRuntime.cpp, line 605]
Event: 2.178 Thread 0x0000000002e27000 Implicit null exception at 0x000000000313aa22 to 0x000000000313abd1
Event: 2.623 Thread 0x0000000002e27000 Exception <a 'java/lang/NoClassDefFoundError': org/apache/log4j/Priority> (0x00000000eb5087c8) thrown at [C:\re\workspace\8-2-build-windows-amd64-cygwin\jdk8u181\11358\hotspot\src\share\vm\classfile\systemDictionary.cpp, line 199]
Event: 5.094 Thread 0x0000000002e27000 Exception <a 'java/lang/NoSuchFieldError': method resolution failed> (0x00000000ed03f318) thrown at [C:\re\workspace\8-2-build-windows-amd64-cygwin\jdk8u181\11358\hotspot\src\share\vm\prims\methodHandles.cpp, line 1167]
Event: 5.098 Thread 0x0000000002e27000 Exception <a 'java/lang/NoSuchFieldError': method resolution failed> (0x00000000ed04d278) thrown at [C:\re\workspace\8-2-build-windows-amd64-cygwin\jdk8u181\11358\hotspot\src\share\vm\prims\methodHandles.cpp, line 1167]

Events (10 events):
Event: 9.808 Thread 0x0000000016eeb800 flushing nmethod 0x0000000003030b10
Event: 9.808 Thread 0x0000000016eeb800 flushing nmethod 0x00000000030321d0
Event: 9.808 Thread 0x0000000016eeb800 flushing nmethod 0x000000000303b2d0
Event: 9.808 Thread 0x0000000016eeb800 flushing nmethod 0x000000000304d4d0
Event: 9.816 Thread 0x0000000018b37800 Uncommon trap: trap_request=0xffffffde fr.pc=0x0000000003714390
Event: 9.816 Thread 0x0000000018b37800 DEOPT PACKING pc=0x0000000003714390 sp=0x000000001a84ddb0
Event: 9.816 Thread 0x0000000018b37800 DEOPT UNPACKING pc=0x0000000002f6583b sp=0x000000001a84dc40 mode 2
Event: 9.817 Thread 0x0000000018b37800 Uncommon trap: trap_request=0xffffffde fr.pc=0x0000000003714390
Event: 9.817 Thread 0x0000000018b37800 DEOPT PACKING pc=0x0000000003714390 sp=0x000000001a84ddb0
Event: 9.817 Thread 0x0000000018b37800 DEOPT UNPACKING pc=0x0000000002f6583b sp=0x000000001a84dc40 mode 2


Dynamic libraries:
0x00007ff722270000 - 0x00007ff7222a7000 	C:\Program Files\Java\jdk1.8.0_181\bin\java.exe
0x00007ff82b860000 - 0x00007ff82ba4d000 	C:\WINDOWS\SYSTEM32\ntdll.dll
0x00007ff828c30000 - 0x00007ff828ce3000 	C:\WINDOWS\System32\KERNEL32.DLL
0x00007ff8286f0000 - 0x00007ff828983000 	C:\WINDOWS\System32\KERNELBASE.dll
0x00007ff8295a0000 - 0x00007ff829643000 	C:\WINDOWS\System32\ADVAPI32.dll
0x00007ff82b0e0000 - 0x00007ff82b17e000 	C:\WINDOWS\System32\msvcrt.dll
0x00007ff82b790000 - 0x00007ff82b82e000 	C:\WINDOWS\System32\sechost.dll
0x00007ff82b4b0000 - 0x00007ff82b5d2000 	C:\WINDOWS\System32\RPCRT4.dll
0x00007ff82b310000 - 0x00007ff82b4a7000 	C:\WINDOWS\System32\USER32.dll
0x00007ff828580000 - 0x00007ff8285a0000 	C:\WINDOWS\System32\win32u.dll
0x00007ff82b2e0000 - 0x00007ff82b309000 	C:\WINDOWS\System32\GDI32.dll
0x00007ff8282f0000 - 0x00007ff82848a000 	C:\WINDOWS\System32\gdi32full.dll
0x00007ff828490000 - 0x00007ff828530000 	C:\WINDOWS\System32\msvcp_win.dll
0x00007ff828990000 - 0x00007ff828a8a000 	C:\WINDOWS\System32\ucrtbase.dll
0x00007ff814210000 - 0x00007ff814489000 	C:\WINDOWS\WinSxS\amd64_microsoft.windows.common-controls_6595b64144ccf1df_6.0.17763.504_none_05b33f3e07210e05\COMCTL32.dll
0x00007ff828cf0000 - 0x00007ff82901c000 	C:\WINDOWS\System32\combase.dll
0x00007ff828670000 - 0x00007ff8286ee000 	C:\WINDOWS\System32\bcryptPrimitives.dll
0x00007ff828a90000 - 0x00007ff828abe000 	C:\WINDOWS\System32\IMM32.DLL
0x00007ff826aa0000 - 0x00007ff826adc000 	C:\PROGRA~2\Sophos\SOPHOS~2\SOPHOS~2.DLL
0x00007ff8298f0000 - 0x00007ff8298f8000 	C:\WINDOWS\System32\PSAPI.DLL
0x0000000068000000 - 0x0000000068059000 	C:\WINDOWS\System32\QIPCAP64.dll
0x00007ff829980000 - 0x00007ff82ae70000 	C:\WINDOWS\System32\SHELL32.dll
0x00007ff828530000 - 0x00007ff82857a000 	C:\WINDOWS\System32\cfgmgr32.dll
0x00007ff8297e0000 - 0x00007ff829888000 	C:\WINDOWS\System32\shcore.dll
0x00007ff827ba0000 - 0x00007ff8282ea000 	C:\WINDOWS\System32\windows.storage.dll
0x00007ff827900000 - 0x00007ff827924000 	C:\WINDOWS\System32\profapi.dll
0x00007ff8278a0000 - 0x00007ff8278fd000 	C:\WINDOWS\System32\powrprof.dll
0x00007ff829900000 - 0x00007ff829952000 	C:\WINDOWS\System32\shlwapi.dll
0x00007ff827880000 - 0x00007ff827891000 	C:\WINDOWS\System32\kernel.appcore.dll
0x00007ff828650000 - 0x00007ff828667000 	C:\WINDOWS\System32\cryptsp.dll
0x00007ff826e80000 - 0x00007ff826f46000 	C:\WINDOWS\SYSTEM32\DNSAPI.dll
0x00007ff82afa0000 - 0x00007ff82b00d000 	C:\WINDOWS\System32\WS2_32.dll
0x00007ff829770000 - 0x00007ff829778000 	C:\WINDOWS\System32\NSI.dll
0x00007ff826e40000 - 0x00007ff826e7d000 	C:\WINDOWS\SYSTEM32\IPHLPAPI.DLL
0x000000006ff80000 - 0x0000000070052000 	C:\Program Files\Java\jdk1.8.0_181\jre\bin\msvcr100.dll
0x000000006e1f0000 - 0x000000006ea92000 	C:\Program Files\Java\jdk1.8.0_181\jre\bin\server\jvm.dll
0x00007ff826a80000 - 0x00007ff826a8a000 	C:\WINDOWS\SYSTEM32\VERSION.dll
0x00007ff825980000 - 0x00007ff8259a4000 	C:\WINDOWS\SYSTEM32\WINMM.dll
0x00007ff8232b0000 - 0x00007ff8232b9000 	C:\WINDOWS\SYSTEM32\WSOCK32.dll
0x00007ff825920000 - 0x00007ff82594d000 	C:\WINDOWS\SYSTEM32\winmmbase.dll
0x00000000714c0000 - 0x00000000714cf000 	C:\Program Files\Java\jdk1.8.0_181\jre\bin\verify.dll
0x000000006ff50000 - 0x000000006ff79000 	C:\Program Files\Java\jdk1.8.0_181\jre\bin\java.dll
0x000000006ff20000 - 0x000000006ff43000 	C:\Program Files\Java\jdk1.8.0_181\jre\bin\instrument.dll
0x00000000714a0000 - 0x00000000714b6000 	C:\Program Files\Java\jdk1.8.0_181\jre\bin\zip.dll
0x00007ff81e570000 - 0x00007ff81e58a000 	C:\Users\andrew.omoirogho\AppData\Roaming\JetBrains\IntelliJ IDEA Community Edition 2018.2.4\bin\breakgen64.dll
0x000000006ff00000 - 0x000000006ff1a000 	C:\Program Files\Java\jdk1.8.0_181\jre\bin\net.dll
0x00007ff8270e0000 - 0x00007ff827147000 	C:\WINDOWS\system32\mswsock.dll
0x000000006feb0000 - 0x000000006fed4000 	C:\Program Files\Java\jdk1.8.0_181\jre\bin\sunec.dll
0x00007ff81b8d0000 - 0x00007ff81b8e6000 	C:\WINDOWS\SYSTEM32\dhcpcsvc6.DLL
0x00007ff81b820000 - 0x00007ff81b83c000 	C:\WINDOWS\SYSTEM32\dhcpcsvc.DLL
0x000000006fee0000 - 0x000000006fef1000 	C:\Program Files\Java\jdk1.8.0_181\jre\bin\nio.dll
0x00007ff826ca0000 - 0x00007ff826cd3000 	C:\WINDOWS\system32\rsaenh.dll
0x00007ff827b70000 - 0x00007ff827b96000 	C:\WINDOWS\System32\bcrypt.dll
0x00007ff827760000 - 0x00007ff827788000 	C:\WINDOWS\SYSTEM32\USERENV.dll
0x00007ff8272b0000 - 0x00007ff8272bc000 	C:\WINDOWS\SYSTEM32\CRYPTBASE.dll
0x00007ff81b230000 - 0x00007ff81b23a000 	C:\Windows\System32\rasadhlp.dll
0x00007ff81d800000 - 0x00007ff81d879000 	C:\WINDOWS\System32\fwpuclnt.dll
0x000000006fea0000 - 0x000000006feab000 	C:\Program Files\Java\jdk1.8.0_181\jre\bin\sunmscapi.dll
0x00007ff827990000 - 0x00007ff827b6b000 	C:\WINDOWS\System32\CRYPT32.dll
0x00007ff827860000 - 0x00007ff827872000 	C:\WINDOWS\System32\MSASN1.dll

VM Arguments:
jvm_args: -Dorg.jetbrains.run.directory=C:\Users\andrew.omoirogho\IdeaProjects\Test%20Automation\src\test\java\features -javaagent:C:\Users\andrew.omoirogho\AppData\Roaming\JetBrains\IntelliJ IDEA Community Edition 2018.2.4\lib\idea_rt.jar=56943:C:\Users\andrew.omoirogho\AppData\Roaming\JetBrains\IntelliJ IDEA Community Edition 2018.2.4\bin -Dfile.encoding=UTF-8 
java_command: cucumber.api.cli.Main --plugin org.jetbrains.plugins.cucumber.java.run.CucumberJvm4SMFormatter --name ^Select home owner as relationship status$ --glue steps C:/Users/andrew.omoirogho/IdeaProjects/Test%20Automation/src/test/java/features/view_property.feature
java_class_path (initial): C:\Program Files\Java\jdk1.8.0_181\jre\lib\charsets.jar;C:\Program Files\Java\jdk1.8.0_181\jre\lib\deploy.jar;C:\Program Files\Java\jdk1.8.0_181\jre\lib\ext\access-bridge-64.jar;C:\Program Files\Java\jdk1.8.0_181\jre\lib\ext\cldrdata.jar;C:\Program Files\Java\jdk1.8.0_181\jre\lib\ext\dnsns.jar;C:\Program Files\Java\jdk1.8.0_181\jre\lib\ext\jaccess.jar;C:\Program Files\Java\jdk1.8.0_181\jre\lib\ext\jfxrt.jar;C:\Program Files\Java\jdk1.8.0_181\jre\lib\ext\localedata.jar;C:\Program Files\Java\jdk1.8.0_181\jre\lib\ext\nashorn.jar;C:\Program Files\Java\jdk1.8.0_181\jre\lib\ext\sunec.jar;C:\Program Files\Java\jdk1.8.0_181\jre\lib\ext\sunjce_provider.jar;C:\Program Files\Java\jdk1.8.0_181\jre\lib\ext\sunmscapi.jar;C:\Program Files\Java\jdk1.8.0_181\jre\lib\ext\sunpkcs11.jar;C:\Program Files\Java\jdk1.8.0_181\jre\lib\ext\zipfs.jar;C:\Program Files\Java\jdk1.8.0_181\jre\lib\javaws.jar;C:\Program Files\Java\jdk1.8.0_181\jre\lib\jce.jar;C:\Program Files\Java\jdk1.8.0_181\jre\lib\jfr.jar;C:\Program Files\Java\jdk1.8.0_181\jre\lib\jfxswt.jar;C:\Program Files\Java\jdk1.8.0_181\jre\lib\jsse.jar;C:\Program Files\Java\jdk1.8.0_181\jre\lib\management-agent.jar;C:\Program Files\Java\jdk1.8.0_181\jre\lib\plugin.jar;C:\Program Files\Java\jdk1.8.0_181\jre\lib\resources.jar;C:\Program Files\Java\jdk1.8.0_181\jre\lib\rt.jar;C:\Users\andrew.omoirogho\IdeaProjects\Test%20Automation\target\test-classes;C:\Users\andrew.omoirogho\IdeaProjects\Test%20Automation\target\classes;C:\Users\andrew.omoirogho\.m2\repository\io\cucumber\cucumber-java\4.2.2\cucumber-java-4.2.2.jar;C:\Users\andrew.omoirogho\.m2\repository\io\cucumber\cucumber-junit\4.2.2\cucumber-junit-4.2.2.jar;C:\Users\andrew.omoirogho\.m2\repository\io\cucumber\cucumber-core\4.2.2\cucumber-core-4.2.2.jar;C:\Users\andrew.omoirogho\.m2\repository\io\cucumber\cucumber-html\0.2.7\cucumber-html-0.2.7.jar;C:\Users\andrew.omoirogho\.m2\repository\io\cucumber\tag-expressions\1.1.1\tag-expressions-1.1.1.jar;C:\Users\
Launcher Type: SUN_STANDARD

Environment Variables:
JAVA_HOME=C:\Program Files\Java\jdk1.8.0_181
PATH=C:\Program Files (x86)\Common Files\Oracle\Java\javapath;C:\ProgramData\Oracle\Java\javapath;C:\WINDOWS\system32;C:\WINDOWS;C:\WINDOWS\System32\Wbem;C:\WINDOWS\System32\WindowsPowerShell\v1.0\;C:\WINDOWS\System32\OpenSSH\;C:\Program Files\Java\jdk1.8.0_181\bin;C:\Automation Environment\apache-maven-3.5.4\bin;C:\Users\andrew.omoirogho\AppData\Local\Microsoft\WindowsApps;C:\Users\andrew.omoirogho\AppData\Local\Programs\Git\cmd;
USERNAME=Andrew.Omoirogho
OS=Windows_NT
PROCESSOR_IDENTIFIER=Intel64 Family 6 Model 78 Stepping 3, GenuineIntel



---------------  S Y S T E M  ---------------

OS: Windows 10.0 , 64 bit Build 17763 (10.0.17763.475)

CPU:total 4 (initial active 4) (2 cores per cpu, 2 threads per core) family 6 model 78 stepping 3, cmov, cx8, fxsr, mmx, sse, sse2, sse3, ssse3, sse4.1, sse4.2, popcnt, avx, avx2, aes, clmul, erms, 3dnowpref, lzcnt, ht, tsc, tscinvbit, bmi1, bmi2, adx

Memory: 4k page, physical 4113976k(167648k free), swap 16696888k(6188k free)

vm_info: Java HotSpot(TM) 64-Bit Server VM (25.181-b13) for windows-amd64 JRE (1.8.0_181-b13), built on Jul  7 2018 04:01:33 by "java_re" with MS VC++ 10.0 (VS2010)

time: Mon Jun 03 14:17:42 2019
elapsed time: 10 seconds (0d 0h 0m 10s)

