#
# There is insufficient memory for the Java Runtime Environment to continue.
# Native memory allocation (malloc) failed to allocate 1048576 bytes for AllocateHeap
# Possible reasons:
#   The system is out of physical RAM or swap space
#   In 32 bit mode, the process size limit was hit
# Possible solutions:
#   Reduce memory load on the system
#   Increase physical memory or swap space
#   Check if swap backing store is full
#   Use 64 bit Java on a 64 bit OS
#   Decrease Java heap size (-Xmx/-Xms)
#   Decrease number of Java threads
#   Decrease Java thread stack sizes (-Xss)
#   Set larger code cache with -XX:ReservedCodeCacheSize=
# This output file may be truncated or incomplete.
#
#  Out of Memory Error (memory/allocation.inline.hpp:61), pid=18020, tid=0x0000000000007bac
#
# JRE version:  (8.0_181-b13) (build )
# Java VM: Java HotSpot(TM) 64-Bit Server VM (25.181-b13 mixed mode windows-amd64 compressed oops)
# Failed to write core dump. Minidumps are not enabled by default on client versions of Windows
#

---------------  T H R E A D  ---------------

Current thread (0x0000000003097000):  JavaThread "Unknown thread" [_thread_in_vm, id=31660, stack(0x0000000002e20000,0x0000000002f20000)]

Stack: [0x0000000002e20000,0x0000000002f20000]
[error occurred during error reporting (printing stack bounds), id 0xc0000005]

Native frames: (J=compiled Java code, j=interpreted, Vv=VM code, C=native code)


---------------  P R O C E S S  ---------------

Java Threads: ( => current thread )

Other Threads:

=>0x0000000003097000 (exited) JavaThread "Unknown thread" [_thread_in_vm, id=31660, stack(0x0000000002e20000,0x0000000002f20000)]

VM state:not at safepoint (normal execution)

VM Mutex/Monitor currently owned by a thread: None

Heap:
 PSYoungGen      total 18944K, used 327K [0x00000000eb100000, 0x00000000ec600000, 0x0000000100000000)
  eden space 16384K, 2% used [0x00000000eb100000,0x00000000eb151ec8,0x00000000ec100000)
  from space 2560K, 0% used [0x00000000ec380000,0x00000000ec380000,0x00000000ec600000)
  to   space 2560K, 0% used [0x00000000ec100000,0x00000000ec100000,0x00000000ec380000)
 ParOldGen       total 44032K, used 0K [0x00000000c1200000, 0x00000000c3d00000, 0x00000000eb100000)
  object space 44032K, 0% used [0x00000000c1200000,0x00000000c1200000,0x00000000c3d00000)
 Metaspace       used 775K, capacity 4480K, committed 4480K, reserved 1056768K
  class space    used 76K, capacity 384K, committed 384K, reserved 1048576K

Card table byte_map: [0x0000000012550000,0x0000000012750000] byte_map_base: 0x0000000011f47000

Marking Bits: (ParMarkBitMap*) 0x000000006ea12d00
 Begin Bits: [0x0000000012ca0000, 0x0000000013c58000)
 End Bits:   [0x0000000013c58000, 0x0000000014c10000)

Polling page: 0x0000000002c70000

CodeCache: size=245760Kb used=328Kb max_used=328Kb free=245431Kb
 bounds [0x0000000003190000, 0x0000000003400000, 0x0000000012190000]
 total_blobs=58 nmethods=0 adapters=38
 compilation: enabled

Compilation events (0 events):
No events

GC Heap History (0 events):
No events

Deoptimization events (0 events):
No events

Classes redefined (0 events):
No events

Internal exceptions (0 events):
No events

Events (10 events):
Event: 1.091 loading class java/lang/Short
Event: 1.104 loading class java/lang/Short done
Event: 1.104 loading class java/lang/Integer
Event: 1.150 loading class java/lang/Integer done
Event: 1.150 loading class java/lang/Long
Event: 1.204 loading class java/lang/Long done
Event: 1.205 loading class java/lang/NullPointerException
Event: 1.205 loading class java/lang/NullPointerException done
Event: 1.205 loading class java/lang/ArithmeticException
Event: 1.205 loading class java/lang/ArithmeticException done


Dynamic libraries:
0x00007ff778510000 - 0x00007ff778547000 	C:\Program Files\Java\jdk1.8.0_181\bin\java.exe
0x00007ff82b860000 - 0x00007ff82ba4d000 	C:\WINDOWS\SYSTEM32\ntdll.dll
0x00007ff828c30000 - 0x00007ff828ce3000 	C:\WINDOWS\System32\KERNEL32.DLL
0x00007ff8286f0000 - 0x00007ff828983000 	C:\WINDOWS\System32\KERNELBASE.dll
0x00007ff8295a0000 - 0x00007ff829643000 	C:\WINDOWS\System32\ADVAPI32.dll
0x00007ff82b0e0000 - 0x00007ff82b17e000 	C:\WINDOWS\System32\msvcrt.dll
0x00007ff82b790000 - 0x00007ff82b82e000 	C:\WINDOWS\System32\sechost.dll
0x00007ff82b4b0000 - 0x00007ff82b5d2000 	C:\WINDOWS\System32\RPCRT4.dll
0x00007ff82b310000 - 0x00007ff82b4a7000 	C:\WINDOWS\System32\USER32.dll
0x00007ff828580000 - 0x00007ff8285a0000 	C:\WINDOWS\System32\win32u.dll
0x00007ff82b2e0000 - 0x00007ff82b309000 	C:\WINDOWS\System32\GDI32.dll
0x00007ff8282f0000 - 0x00007ff82848a000 	C:\WINDOWS\System32\gdi32full.dll
0x00007ff828490000 - 0x00007ff828530000 	C:\WINDOWS\System32\msvcp_win.dll
0x00007ff828990000 - 0x00007ff828a8a000 	C:\WINDOWS\System32\ucrtbase.dll
0x00007ff814210000 - 0x00007ff814489000 	C:\WINDOWS\WinSxS\amd64_microsoft.windows.common-controls_6595b64144ccf1df_6.0.17763.504_none_05b33f3e07210e05\COMCTL32.dll
0x00007ff828cf0000 - 0x00007ff82901c000 	C:\WINDOWS\System32\combase.dll
0x00007ff828670000 - 0x00007ff8286ee000 	C:\WINDOWS\System32\bcryptPrimitives.dll
0x00007ff828a90000 - 0x00007ff828abe000 	C:\WINDOWS\System32\IMM32.DLL
0x00007ff826aa0000 - 0x00007ff826adc000 	C:\PROGRA~2\Sophos\SOPHOS~2\SOPHOS~2.DLL
0x00007ff8298f0000 - 0x00007ff8298f8000 	C:\WINDOWS\System32\PSAPI.DLL
0x0000000068000000 - 0x0000000068059000 	C:\WINDOWS\System32\QIPCAP64.dll
0x00007ff829980000 - 0x00007ff82ae70000 	C:\WINDOWS\System32\SHELL32.dll
0x00007ff828530000 - 0x00007ff82857a000 	C:\WINDOWS\System32\cfgmgr32.dll
0x00007ff8297e0000 - 0x00007ff829888000 	C:\WINDOWS\System32\shcore.dll
0x00007ff827ba0000 - 0x00007ff8282ea000 	C:\WINDOWS\System32\windows.storage.dll
0x00007ff827900000 - 0x00007ff827924000 	C:\WINDOWS\System32\profapi.dll
0x00007ff8278a0000 - 0x00007ff8278fd000 	C:\WINDOWS\System32\powrprof.dll
0x00007ff829900000 - 0x00007ff829952000 	C:\WINDOWS\System32\shlwapi.dll
0x00007ff827880000 - 0x00007ff827891000 	C:\WINDOWS\System32\kernel.appcore.dll
0x00007ff828650000 - 0x00007ff828667000 	C:\WINDOWS\System32\cryptsp.dll
0x00007ff826e80000 - 0x00007ff826f46000 	C:\WINDOWS\SYSTEM32\DNSAPI.dll
0x00007ff82afa0000 - 0x00007ff82b00d000 	C:\WINDOWS\System32\WS2_32.dll
0x00007ff829770000 - 0x00007ff829778000 	C:\WINDOWS\System32\NSI.dll
0x00007ff826e40000 - 0x00007ff826e7d000 	C:\WINDOWS\SYSTEM32\IPHLPAPI.DLL
0x000000006ff80000 - 0x0000000070052000 	C:\Program Files\Java\jdk1.8.0_181\jre\bin\msvcr100.dll
0x000000006e1f0000 - 0x000000006ea92000 	C:\Program Files\Java\jdk1.8.0_181\jre\bin\server\jvm.dll
0x00007ff8232b0000 - 0x00007ff8232b9000 	C:\WINDOWS\SYSTEM32\WSOCK32.dll
0x00007ff825980000 - 0x00007ff8259a4000 	C:\WINDOWS\SYSTEM32\WINMM.dll
0x00007ff826a80000 - 0x00007ff826a8a000 	C:\WINDOWS\SYSTEM32\VERSION.dll
0x00007ff825920000 - 0x00007ff82594d000 	C:\WINDOWS\SYSTEM32\winmmbase.dll
0x00000000714c0000 - 0x00000000714cf000 	C:\Program Files\Java\jdk1.8.0_181\jre\bin\verify.dll
0x000000006ff50000 - 0x000000006ff79000 	C:\Program Files\Java\jdk1.8.0_181\jre\bin\java.dll
0x000000006ff20000 - 0x000000006ff43000 	C:\Program Files\Java\jdk1.8.0_181\jre\bin\instrument.dll
0x00000000714a0000 - 0x00000000714b6000 	C:\Program Files\Java\jdk1.8.0_181\jre\bin\zip.dll

VM Arguments:
jvm_args: -Dorg.jetbrains.run.directory=C:\Users\andrew.omoirogho\IdeaProjects\Test%20Automation\src\test\java\features -javaagent:C:\Users\andrew.omoirogho\AppData\Roaming\JetBrains\IntelliJ IDEA Community Edition 2018.2.4\lib\idea_rt.jar=57558:C:\Users\andrew.omoirogho\AppData\Roaming\JetBrains\IntelliJ IDEA Community Edition 2018.2.4\bin -Dfile.encoding=UTF-8 
java_command: cucumber.api.cli.Main --plugin org.jetbrains.plugins.cucumber.java.run.CucumberJvm4SMFormatter --name ^Select home owner as relationship status$ --glue steps C:/Users/andrew.omoirogho/IdeaProjects/Test%20Automation/src/test/java/features/view_property.feature
java_class_path (initial): C:\Program Files\Java\jdk1.8.0_181\jre\lib\charsets.jar;C:\Program Files\Java\jdk1.8.0_181\jre\lib\deploy.jar;C:\Program Files\Java\jdk1.8.0_181\jre\lib\ext\access-bridge-64.jar;C:\Program Files\Java\jdk1.8.0_181\jre\lib\ext\cldrdata.jar;C:\Program Files\Java\jdk1.8.0_181\jre\lib\ext\dnsns.jar;C:\Program Files\Java\jdk1.8.0_181\jre\lib\ext\jaccess.jar;C:\Program Files\Java\jdk1.8.0_181\jre\lib\ext\jfxrt.jar;C:\Program Files\Java\jdk1.8.0_181\jre\lib\ext\localedata.jar;C:\Program Files\Java\jdk1.8.0_181\jre\lib\ext\nashorn.jar;C:\Program Files\Java\jdk1.8.0_181\jre\lib\ext\sunec.jar;C:\Program Files\Java\jdk1.8.0_181\jre\lib\ext\sunjce_provider.jar;C:\Program Files\Java\jdk1.8.0_181\jre\lib\ext\sunmscapi.jar;C:\Program Files\Java\jdk1.8.0_181\jre\lib\ext\sunpkcs11.jar;C:\Program Files\Java\jdk1.8.0_181\jre\lib\ext\zipfs.jar;C:\Program Files\Java\jdk1.8.0_181\jre\lib\javaws.jar;C:\Program Files\Java\jdk1.8.0_181\jre\lib\jce.jar;C:\Program Files\Java\jdk1.8.0_181\jre\lib\jfr.jar;C:\Program Files\Java\jdk1.8.0_181\jre\lib\jfxswt.jar;C:\Program Files\Java\jdk1.8.0_181\jre\lib\jsse.jar;C:\Program Files\Java\jdk1.8.0_181\jre\lib\management-agent.jar;C:\Program Files\Java\jdk1.8.0_181\jre\lib\plugin.jar;C:\Program Files\Java\jdk1.8.0_181\jre\lib\resources.jar;C:\Program Files\Java\jdk1.8.0_181\jre\lib\rt.jar;C:\Users\andrew.omoirogho\IdeaProjects\Test%20Automation\target\test-classes;C:\Users\andrew.omoirogho\IdeaProjects\Test%20Automation\target\classes;C:\Users\andrew.omoirogho\.m2\repository\io\cucumber\cucumber-java\4.2.2\cucumber-java-4.2.2.jar;C:\Users\andrew.omoirogho\.m2\repository\io\cucumber\cucumber-junit\4.2.2\cucumber-junit-4.2.2.jar;C:\Users\andrew.omoirogho\.m2\repository\io\cucumber\cucumber-core\4.2.2\cucumber-core-4.2.2.jar;C:\Users\andrew.omoirogho\.m2\repository\io\cucumber\cucumber-html\0.2.7\cucumber-html-0.2.7.jar;C:\Users\andrew.omoirogho\.m2\repository\io\cucumber\tag-expressions\1.1.1\tag-expressions-1.1.1.jar;C:\Users\
Launcher Type: SUN_STANDARD

Environment Variables:
JAVA_HOME=C:\Program Files\Java\jdk1.8.0_181
PATH=C:\Program Files (x86)\Common Files\Oracle\Java\javapath;C:\ProgramData\Oracle\Java\javapath;C:\WINDOWS\system32;C:\WINDOWS;C:\WINDOWS\System32\Wbem;C:\WINDOWS\System32\WindowsPowerShell\v1.0\;C:\WINDOWS\System32\OpenSSH\;C:\Program Files\Java\jdk1.8.0_181\bin;C:\Automation Environment\apache-maven-3.5.4\bin;C:\Users\andrew.omoirogho\AppData\Local\Microsoft\WindowsApps;C:\Users\andrew.omoirogho\AppData\Local\Programs\Git\cmd;
USERNAME=Andrew.Omoirogho
OS=Windows_NT
PROCESSOR_IDENTIFIER=Intel64 Family 6 Model 78 Stepping 3, GenuineIntel



---------------  S Y S T E M  ---------------

OS: Windows 10.0 , 64 bit Build 17763 (10.0.17763.475)

CPU:total 4 (initial active 4) (2 cores per cpu, 2 threads per core) family 6 model 78 stepping 3, cmov, cx8, fxsr, mmx, sse, sse2, sse3, ssse3, sse4.1, sse4.2, popcnt, avx, avx2, aes, clmul, erms, 3dnowpref, lzcnt, ht, tsc, tscinvbit, bmi1, bmi2, adx

Memory: 4k page, physical 4113976k(299024k free), swap 16696888k(7744k free)

vm_info: Java HotSpot(TM) 64-Bit Server VM (25.181-b13) for windows-amd64 JRE (1.8.0_181-b13), built on Jul  7 2018 04:01:33 by "java_re" with MS VC++ 10.0 (VS2010)

time: Mon Jun 03 14:20:59 2019
elapsed time: 1 seconds (0d 0h 0m 1s)

